{"/home/olivia/public_html/OffBookProject/src/App.vue": {"path":"/home/olivia/public_html/OffBookProject/src/App.vue","statementMap":{"0":{"start":{"line":1,"column":1},"end":{"line":43,"column":4}},"1":{"start":{"line":4,"column":0},"end":{"line":6,"column":3}},"2":{"start":{"line":8,"column":14},"end":{"line":8,"column":44}},"3":{"start":{"line":10,"column":15},"end":{"line":10,"column":46}},"4":{"start":{"line":12,"column":14},"end":{"line":12,"column":44}},"5":{"start":{"line":14,"column":15},"end":{"line":14,"column":46}},"6":{"start":{"line":16,"column":39},"end":{"line":16,"column":93}},"7":{"start":{"line":27,"column":0},"end":{"line":42,"column":2}},"8":{"start":{"line":34,"column":4},"end":{"line":36,"column":6}},"9":{"start":{"line":39,"column":4},"end":{"line":39,"column":41}},"10":{"start":{"line":40,"column":4},"end":{"line":40,"column":39}},"11":{"start":{"line":44,"column":0},"end":{"line":44,"column":70}},"12":{"start":{"line":44,"column":31},"end":{"line":44,"column":70}},"13":{"start":{"line":45,"column":24},"end":{"line":45,"column":100}},"14":{"start":{"line":46,"column":0},"end":{"line":46,"column":457}},"15":{"start":{"line":46,"column":54},"end":{"line":46,"column":58}},"16":{"start":{"line":46,"column":66},"end":{"line":46,"column":84}},"17":{"start":{"line":46,"column":92},"end":{"line":46,"column":108}},"18":{"start":{"line":46,"column":109},"end":{"line":46,"column":456}},"19":{"start":{"line":46,"column":257},"end":{"line":46,"column":277}},"20":{"start":{"line":46,"column":375},"end":{"line":46,"column":395}},"21":{"start":{"line":47,"column":0},"end":{"line":47,"column":37}}},"fnMap":{"0":{"name":"(anonymous_0)","decl":{"start":{"line":1,"column":2},"end":{"line":1,"column":3}},"loc":{"start":{"line":1,"column":12},"end":{"line":43,"column":1}},"line":1},"1":{"name":"_interopRequireDefault","decl":{"start":{"line":16,"column":9},"end":{"line":16,"column":31}},"loc":{"start":{"line":16,"column":37},"end":{"line":16,"column":95}},"line":16},"2":{"name":"data","decl":{"start":{"line":33,"column":17},"end":{"line":33,"column":21}},"loc":{"start":{"line":33,"column":24},"end":{"line":37,"column":3}},"line":33},"3":{"name":"created","decl":{"start":{"line":38,"column":20},"end":{"line":38,"column":27}},"loc":{"start":{"line":38,"column":30},"end":{"line":41,"column":3}},"line":38},"4":{"name":"render","decl":{"start":{"line":46,"column":35},"end":{"line":46,"column":41}},"loc":{"start":{"line":46,"column":45},"end":{"line":46,"column":457}},"line":46},"5":{"name":"(anonymous_5)","decl":{"start":{"line":46,"column":240},"end":{"line":46,"column":241}},"loc":{"start":{"line":46,"column":256},"end":{"line":46,"column":278}},"line":46},"6":{"name":"(anonymous_6)","decl":{"start":{"line":46,"column":358},"end":{"line":46,"column":359}},"loc":{"start":{"line":46,"column":374},"end":{"line":46,"column":396}},"line":46}},"branchMap":{"0":{"loc":{"start":{"line":16,"column":46},"end":{"line":16,"column":92}},"type":"cond-expr","locations":[{"start":{"line":16,"column":70},"end":{"line":16,"column":73}},{"start":{"line":16,"column":76},"end":{"line":16,"column":92}}],"line":16},"1":{"loc":{"start":{"line":16,"column":46},"end":{"line":16,"column":67}},"type":"binary-expr","locations":[{"start":{"line":16,"column":46},"end":{"line":16,"column":49}},{"start":{"line":16,"column":53},"end":{"line":16,"column":67}}],"line":16},"2":{"loc":{"start":{"line":44,"column":0},"end":{"line":44,"column":70}},"type":"if","locations":[{"start":{"line":44,"column":0},"end":{"line":44,"column":70}},{"start":{"line":44,"column":0},"end":{"line":44,"column":70}}],"line":44},"3":{"loc":{"start":{"line":45,"column":24},"end":{"line":45,"column":100}},"type":"cond-expr","locations":[{"start":{"line":45,"column":62},"end":{"line":45,"column":84}},{"start":{"line":45,"column":86},"end":{"line":45,"column":100}}],"line":45},"4":{"loc":{"start":{"line":46,"column":92},"end":{"line":46,"column":108}},"type":"binary-expr","locations":[{"start":{"line":46,"column":92},"end":{"line":46,"column":104}},{"start":{"line":46,"column":106},"end":{"line":46,"column":108}}],"line":46}},"s":{"0":0,"1":0,"2":0,"3":0,"4":0,"5":0,"6":0,"7":0,"8":0,"9":0,"10":0,"11":0,"12":0,"13":0,"14":0,"15":0,"16":0,"17":0,"18":0,"19":0,"20":0,"21":0},"f":{"0":0,"1":0,"2":0,"3":0,"4":0,"5":0,"6":0},"b":{"0":[0,0],"1":[0,0],"2":[0,0],"3":[0,0],"4":[0,0]}}
,"/home/olivia/public_html/OffBookProject/src/axios-auth.js": {"path":"/home/olivia/public_html/OffBookProject/src/axios-auth.js","statementMap":{"0":{"start":{"line":1,"column":13},"end":{"line":1,"column":75}},"1":{"start":{"line":1,"column":88},"end":{"line":1,"column":104}},"2":{"start":{"line":1,"column":119},"end":{"line":1,"column":149}},"3":{"start":{"line":1,"column":188},"end":{"line":1,"column":242}},"4":{"start":{"line":3,"column":15},"end":{"line":4,"column":38}},"5":{"start":{"line":8,"column":0},"end":{"line":9,"column":9}}},"fnMap":{"0":{"name":"_interopRequireDefault","decl":{"start":{"line":1,"column":159},"end":{"line":1,"column":181}},"loc":{"start":{"line":1,"column":187},"end":{"line":1,"column":243}},"line":1}},"branchMap":{"0":{"loc":{"start":{"line":1,"column":195},"end":{"line":1,"column":241}},"type":"cond-expr","locations":[{"start":{"line":1,"column":219},"end":{"line":1,"column":222}},{"start":{"line":1,"column":225},"end":{"line":1,"column":241}}],"line":1},"1":{"loc":{"start":{"line":1,"column":195},"end":{"line":1,"column":216}},"type":"binary-expr","locations":[{"start":{"line":1,"column":195},"end":{"line":1,"column":198}},{"start":{"line":1,"column":202},"end":{"line":1,"column":216}}],"line":1}},"s":{"0":0,"1":0,"2":0,"3":0,"4":0,"5":0},"f":{"0":0},"b":{"0":[0,0],"1":[0,0]}}
,"/home/olivia/public_html/OffBookProject/src/store.js": {"path":"/home/olivia/public_html/OffBookProject/src/store.js","statementMap":{"0":{"start":{"line":1,"column":13},"end":{"line":1,"column":75}},"1":{"start":{"line":2,"column":11},"end":{"line":2,"column":25}},"2":{"start":{"line":2,"column":38},"end":{"line":2,"column":66}},"3":{"start":{"line":3,"column":12},"end":{"line":3,"column":27}},"4":{"start":{"line":3,"column":41},"end":{"line":3,"column":70}},"5":{"start":{"line":4,"column":22},"end":{"line":4,"column":49}},"6":{"start":{"line":7,"column":13},"end":{"line":7,"column":29}},"7":{"start":{"line":7,"column":44},"end":{"line":7,"column":74}},"8":{"start":{"line":8,"column":14},"end":{"line":8,"column":40}},"9":{"start":{"line":8,"column":56},"end":{"line":8,"column":87}},"10":{"start":{"line":8,"column":126},"end":{"line":8,"column":180}},"11":{"start":{"line":10,"column":0},"end":{"line":10,"column":34}},"12":{"start":{"line":10,"column":55},"end":{"line":158,"column":11}},"13":{"start":{"line":21,"column":6},"end":{"line":21,"column":35}},"14":{"start":{"line":22,"column":6},"end":{"line":22,"column":39}},"15":{"start":{"line":23,"column":6},"end":{"line":23,"column":41}},"16":{"start":{"line":26,"column":6},"end":{"line":26,"column":24}},"17":{"start":{"line":29,"column":6},"end":{"line":29,"column":25}},"18":{"start":{"line":30,"column":6},"end":{"line":30,"column":27}},"19":{"start":{"line":31,"column":6},"end":{"line":31,"column":28}},"20":{"start":{"line":41,"column":61},"end":{"line":41,"column":65}},"21":{"start":{"line":41,"column":79},"end":{"line":41,"column":90}},"22":{"start":{"line":41,"column":102},"end":{"line":41,"column":115}},"23":{"start":{"line":42,"column":6},"end":{"line":69,"column":59}},"24":{"start":{"line":50,"column":8},"end":{"line":50,"column":53}},"25":{"start":{"line":51,"column":8},"end":{"line":54,"column":46}},"26":{"start":{"line":58,"column":8},"end":{"line":58,"column":54}},"27":{"start":{"line":59,"column":8},"end":{"line":59,"column":58}},"28":{"start":{"line":60,"column":8},"end":{"line":60,"column":65}},"29":{"start":{"line":61,"column":8},"end":{"line":61,"column":57}},"30":{"start":{"line":63,"column":8},"end":{"line":63,"column":40}},"31":{"start":{"line":64,"column":22},"end":{"line":64,"column":41}},"32":{"start":{"line":65,"column":8},"end":{"line":65,"column":73}},"33":{"start":{"line":66,"column":8},"end":{"line":66,"column":56}},"34":{"start":{"line":69,"column":30},"end":{"line":69,"column":56}},"35":{"start":{"line":71,"column":57},"end":{"line":71,"column":61}},"36":{"start":{"line":71,"column":75},"end":{"line":71,"column":87}},"37":{"start":{"line":71,"column":99},"end":{"line":71,"column":113}},"38":{"start":{"line":72,"column":6},"end":{"line":98,"column":59}},"39":{"start":{"line":78,"column":8},"end":{"line":78,"column":25}},"40":{"start":{"line":81,"column":8},"end":{"line":81,"column":54}},"41":{"start":{"line":82,"column":8},"end":{"line":82,"column":58}},"42":{"start":{"line":83,"column":8},"end":{"line":83,"column":65}},"43":{"start":{"line":84,"column":8},"end":{"line":84,"column":57}},"44":{"start":{"line":87,"column":8},"end":{"line":90,"column":46}},"45":{"start":{"line":92,"column":8},"end":{"line":92,"column":71}},"46":{"start":{"line":93,"column":22},"end":{"line":93,"column":42}},"47":{"start":{"line":96,"column":8},"end":{"line":96,"column":56}},"48":{"start":{"line":98,"column":30},"end":{"line":98,"column":56}},"49":{"start":{"line":101,"column":61},"end":{"line":101,"column":73}},"50":{"start":{"line":102,"column":18},"end":{"line":102,"column":47}},"51":{"start":{"line":103,"column":6},"end":{"line":105,"column":7}},"52":{"start":{"line":104,"column":8},"end":{"line":104,"column":15}},"53":{"start":{"line":111,"column":20},"end":{"line":111,"column":51}},"54":{"start":{"line":112,"column":21},"end":{"line":112,"column":53}},"55":{"start":{"line":113,"column":6},"end":{"line":116,"column":30}},"56":{"start":{"line":118,"column":6},"end":{"line":118,"column":54}},"57":{"start":{"line":120,"column":49},"end":{"line":120,"column":61}},"58":{"start":{"line":121,"column":6},"end":{"line":121,"column":30}},"59":{"start":{"line":123,"column":6},"end":{"line":123,"column":39}},"60":{"start":{"line":124,"column":6},"end":{"line":124,"column":41}},"61":{"start":{"line":125,"column":6},"end":{"line":125,"column":42}},"62":{"start":{"line":126,"column":6},"end":{"line":126,"column":40}},"63":{"start":{"line":127,"column":6},"end":{"line":127,"column":36}},"64":{"start":{"line":129,"column":65},"end":{"line":129,"column":77}},"65":{"start":{"line":129,"column":86},"end":{"line":129,"column":97}},"66":{"start":{"line":130,"column":6},"end":{"line":132,"column":7}},"67":{"start":{"line":131,"column":8},"end":{"line":131,"column":15}},"68":{"start":{"line":133,"column":6},"end":{"line":135,"column":59}},"69":{"start":{"line":134,"column":27},"end":{"line":134,"column":51}},"70":{"start":{"line":135,"column":30},"end":{"line":135,"column":56}},"71":{"start":{"line":137,"column":55},"end":{"line":137,"column":67}},"72":{"start":{"line":137,"column":76},"end":{"line":137,"column":87}},"73":{"start":{"line":139,"column":6},"end":{"line":142,"column":7}},"74":{"start":{"line":140,"column":8},"end":{"line":140,"column":43}},"75":{"start":{"line":141,"column":8},"end":{"line":141,"column":15}},"76":{"start":{"line":143,"column":6},"end":{"line":149,"column":59}},"77":{"start":{"line":145,"column":8},"end":{"line":145,"column":46}},"78":{"start":{"line":146,"column":19},"end":{"line":146,"column":27}},"79":{"start":{"line":147,"column":8},"end":{"line":147,"column":34}},"80":{"start":{"line":149,"column":30},"end":{"line":149,"column":56}},"81":{"start":{"line":154,"column":6},"end":{"line":154,"column":24}},"82":{"start":{"line":157,"column":6},"end":{"line":157,"column":34}}},"fnMap":{"0":{"name":"_interopRequireDefault","decl":{"start":{"line":8,"column":97},"end":{"line":8,"column":119}},"loc":{"start":{"line":8,"column":125},"end":{"line":8,"column":181}},"line":8},"1":{"name":"authUser","decl":{"start":{"line":20,"column":23},"end":{"line":20,"column":31}},"loc":{"start":{"line":20,"column":49},"end":{"line":24,"column":5}},"line":20},"2":{"name":"storeUser","decl":{"start":{"line":25,"column":24},"end":{"line":25,"column":33}},"loc":{"start":{"line":25,"column":47},"end":{"line":27,"column":5}},"line":25},"3":{"name":"clearAuthData","decl":{"start":{"line":28,"column":28},"end":{"line":28,"column":41}},"loc":{"start":{"line":28,"column":49},"end":{"line":32,"column":5}},"line":28},"4":{"name":"register","decl":{"start":{"line":41,"column":23},"end":{"line":41,"column":31}},"loc":{"start":{"line":41,"column":48},"end":{"line":70,"column":5}},"line":41},"5":{"name":"(anonymous_5)","decl":{"start":{"line":49,"column":11},"end":{"line":49,"column":12}},"loc":{"start":{"line":49,"column":26},"end":{"line":68,"column":7}},"line":49},"6":{"name":"(anonymous_6)","decl":{"start":{"line":69,"column":12},"end":{"line":69,"column":13}},"loc":{"start":{"line":69,"column":29},"end":{"line":69,"column":57}},"line":69},"7":{"name":"login","decl":{"start":{"line":71,"column":20},"end":{"line":71,"column":25}},"loc":{"start":{"line":71,"column":43},"end":{"line":100,"column":5}},"line":71},"8":{"name":"(anonymous_8)","decl":{"start":{"line":77,"column":11},"end":{"line":77,"column":12}},"loc":{"start":{"line":77,"column":26},"end":{"line":97,"column":7}},"line":77},"9":{"name":"(anonymous_9)","decl":{"start":{"line":98,"column":12},"end":{"line":98,"column":13}},"loc":{"start":{"line":98,"column":29},"end":{"line":98,"column":57}},"line":98},"10":{"name":"tryAutoLogin","decl":{"start":{"line":101,"column":27},"end":{"line":101,"column":39}},"loc":{"start":{"line":101,"column":47},"end":{"line":119,"column":5}},"line":101},"11":{"name":"logout","decl":{"start":{"line":120,"column":21},"end":{"line":120,"column":27}},"loc":{"start":{"line":120,"column":35},"end":{"line":128,"column":5}},"line":120},"12":{"name":"storeUser","decl":{"start":{"line":129,"column":24},"end":{"line":129,"column":33}},"loc":{"start":{"line":129,"column":51},"end":{"line":136,"column":5}},"line":129},"13":{"name":"(anonymous_13)","decl":{"start":{"line":134,"column":11},"end":{"line":134,"column":12}},"loc":{"start":{"line":134,"column":26},"end":{"line":134,"column":52}},"line":134},"14":{"name":"(anonymous_14)","decl":{"start":{"line":135,"column":12},"end":{"line":135,"column":13}},"loc":{"start":{"line":135,"column":29},"end":{"line":135,"column":57}},"line":135},"15":{"name":"fetchUser","decl":{"start":{"line":137,"column":24},"end":{"line":137,"column":33}},"loc":{"start":{"line":137,"column":41},"end":{"line":150,"column":5}},"line":137},"16":{"name":"(anonymous_16)","decl":{"start":{"line":144,"column":11},"end":{"line":144,"column":12}},"loc":{"start":{"line":144,"column":26},"end":{"line":148,"column":7}},"line":144},"17":{"name":"(anonymous_17)","decl":{"start":{"line":149,"column":12},"end":{"line":149,"column":13}},"loc":{"start":{"line":149,"column":29},"end":{"line":149,"column":57}},"line":149},"18":{"name":"user","decl":{"start":{"line":153,"column":19},"end":{"line":153,"column":23}},"loc":{"start":{"line":153,"column":31},"end":{"line":155,"column":5}},"line":153},"19":{"name":"isAuthenticated","decl":{"start":{"line":156,"column":30},"end":{"line":156,"column":45}},"loc":{"start":{"line":156,"column":53},"end":{"line":158,"column":5}},"line":156}},"branchMap":{"0":{"loc":{"start":{"line":8,"column":133},"end":{"line":8,"column":179}},"type":"cond-expr","locations":[{"start":{"line":8,"column":157},"end":{"line":8,"column":160}},{"start":{"line":8,"column":163},"end":{"line":8,"column":179}}],"line":8},"1":{"loc":{"start":{"line":8,"column":133},"end":{"line":8,"column":154}},"type":"binary-expr","locations":[{"start":{"line":8,"column":133},"end":{"line":8,"column":136}},{"start":{"line":8,"column":140},"end":{"line":8,"column":154}}],"line":8},"2":{"loc":{"start":{"line":103,"column":6},"end":{"line":105,"column":7}},"type":"if","locations":[{"start":{"line":103,"column":6},"end":{"line":105,"column":7}},{"start":{"line":103,"column":6},"end":{"line":105,"column":7}}],"line":103},"3":{"loc":{"start":{"line":130,"column":6},"end":{"line":132,"column":7}},"type":"if","locations":[{"start":{"line":130,"column":6},"end":{"line":132,"column":7}},{"start":{"line":130,"column":6},"end":{"line":132,"column":7}}],"line":130},"4":{"loc":{"start":{"line":139,"column":6},"end":{"line":142,"column":7}},"type":"if","locations":[{"start":{"line":139,"column":6},"end":{"line":142,"column":7}},{"start":{"line":139,"column":6},"end":{"line":142,"column":7}}],"line":139}},"s":{"0":0,"1":0,"2":0,"3":0,"4":0,"5":0,"6":0,"7":0,"8":0,"9":0,"10":0,"11":0,"12":0,"13":0,"14":0,"15":0,"16":0,"17":0,"18":0,"19":0,"20":0,"21":0,"22":0,"23":0,"24":0,"25":0,"26":0,"27":0,"28":0,"29":0,"30":0,"31":0,"32":0,"33":0,"34":0,"35":0,"36":0,"37":0,"38":0,"39":0,"40":0,"41":0,"42":0,"43":0,"44":0,"45":0,"46":0,"47":0,"48":0,"49":0,"50":0,"51":0,"52":0,"53":0,"54":0,"55":0,"56":0,"57":0,"58":0,"59":0,"60":0,"61":0,"62":0,"63":0,"64":0,"65":0,"66":0,"67":0,"68":0,"69":0,"70":0,"71":0,"72":0,"73":0,"74":0,"75":0,"76":0,"77":0,"78":0,"79":0,"80":0,"81":0,"82":0},"f":{"0":0,"1":0,"2":0,"3":0,"4":0,"5":0,"6":0,"7":0,"8":0,"9":0,"10":0,"11":0,"12":0,"13":0,"14":0,"15":0,"16":0,"17":0,"18":0,"19":0},"b":{"0":[0,0],"1":[0,0],"2":[0,0],"3":[0,0],"4":[0,0]}}
,"/home/olivia/public_html/OffBookProject/src/components/AboutUs.vue": {"path":"/home/olivia/public_html/OffBookProject/src/components/AboutUs.vue","statementMap":{"0":{"start":{"line":1,"column":1},"end":{"line":25,"column":4}},"1":{"start":{"line":4,"column":0},"end":{"line":6,"column":3}},"2":{"start":{"line":24,"column":0},"end":{"line":24,"column":21}},"3":{"start":{"line":26,"column":0},"end":{"line":26,"column":70}},"4":{"start":{"line":26,"column":31},"end":{"line":26,"column":70}},"5":{"start":{"line":27,"column":24},"end":{"line":27,"column":100}},"6":{"start":{"line":28,"column":0},"end":{"line":28,"column":138}},"7":{"start":{"line":28,"column":54},"end":{"line":28,"column":58}},"8":{"start":{"line":28,"column":66},"end":{"line":28,"column":84}},"9":{"start":{"line":28,"column":92},"end":{"line":28,"column":108}},"10":{"start":{"line":28,"column":109},"end":{"line":28,"column":137}},"11":{"start":{"line":29,"column":0},"end":{"line":29,"column":802}},"12":{"start":{"line":29,"column":64},"end":{"line":29,"column":68}},"13":{"start":{"line":29,"column":76},"end":{"line":29,"column":94}},"14":{"start":{"line":29,"column":102},"end":{"line":29,"column":118}},"15":{"start":{"line":29,"column":119},"end":{"line":29,"column":800}}},"fnMap":{"0":{"name":"(anonymous_0)","decl":{"start":{"line":1,"column":2},"end":{"line":1,"column":3}},"loc":{"start":{"line":1,"column":12},"end":{"line":25,"column":1}},"line":1},"1":{"name":"render","decl":{"start":{"line":28,"column":35},"end":{"line":28,"column":41}},"loc":{"start":{"line":28,"column":45},"end":{"line":28,"column":138}},"line":28},"2":{"name":"render","decl":{"start":{"line":29,"column":45},"end":{"line":29,"column":51}},"loc":{"start":{"line":29,"column":55},"end":{"line":29,"column":801}},"line":29}},"branchMap":{"0":{"loc":{"start":{"line":26,"column":0},"end":{"line":26,"column":70}},"type":"if","locations":[{"start":{"line":26,"column":0},"end":{"line":26,"column":70}},{"start":{"line":26,"column":0},"end":{"line":26,"column":70}}],"line":26},"1":{"loc":{"start":{"line":27,"column":24},"end":{"line":27,"column":100}},"type":"cond-expr","locations":[{"start":{"line":27,"column":62},"end":{"line":27,"column":84}},{"start":{"line":27,"column":86},"end":{"line":27,"column":100}}],"line":27},"2":{"loc":{"start":{"line":28,"column":92},"end":{"line":28,"column":108}},"type":"binary-expr","locations":[{"start":{"line":28,"column":92},"end":{"line":28,"column":104}},{"start":{"line":28,"column":106},"end":{"line":28,"column":108}}],"line":28},"3":{"loc":{"start":{"line":29,"column":102},"end":{"line":29,"column":118}},"type":"binary-expr","locations":[{"start":{"line":29,"column":102},"end":{"line":29,"column":114}},{"start":{"line":29,"column":116},"end":{"line":29,"column":118}}],"line":29}},"s":{"0":0,"1":0,"2":0,"3":0,"4":0,"5":0,"6":0,"7":0,"8":0,"9":0,"10":0,"11":0,"12":0,"13":0,"14":0,"15":0},"f":{"0":0,"1":0,"2":0},"b":{"0":[0,0],"1":[0,0],"2":[0,0],"3":[0,0]}}
,"/home/olivia/public_html/OffBookProject/src/components/Footer.vue": {"path":"/home/olivia/public_html/OffBookProject/src/components/Footer.vue","statementMap":{"0":{"start":{"line":1,"column":1},"end":{"line":19,"column":4}},"1":{"start":{"line":4,"column":0},"end":{"line":6,"column":3}},"2":{"start":{"line":18,"column":0},"end":{"line":18,"column":21}},"3":{"start":{"line":20,"column":0},"end":{"line":20,"column":70}},"4":{"start":{"line":20,"column":31},"end":{"line":20,"column":70}},"5":{"start":{"line":21,"column":24},"end":{"line":21,"column":100}},"6":{"start":{"line":22,"column":0},"end":{"line":22,"column":138}},"7":{"start":{"line":22,"column":54},"end":{"line":22,"column":58}},"8":{"start":{"line":22,"column":66},"end":{"line":22,"column":84}},"9":{"start":{"line":22,"column":92},"end":{"line":22,"column":108}},"10":{"start":{"line":22,"column":109},"end":{"line":22,"column":137}},"11":{"start":{"line":23,"column":0},"end":{"line":23,"column":283}},"12":{"start":{"line":23,"column":64},"end":{"line":23,"column":68}},"13":{"start":{"line":23,"column":76},"end":{"line":23,"column":94}},"14":{"start":{"line":23,"column":102},"end":{"line":23,"column":118}},"15":{"start":{"line":23,"column":119},"end":{"line":23,"column":281}}},"fnMap":{"0":{"name":"(anonymous_0)","decl":{"start":{"line":1,"column":2},"end":{"line":1,"column":3}},"loc":{"start":{"line":1,"column":12},"end":{"line":19,"column":1}},"line":1},"1":{"name":"render","decl":{"start":{"line":22,"column":35},"end":{"line":22,"column":41}},"loc":{"start":{"line":22,"column":45},"end":{"line":22,"column":138}},"line":22},"2":{"name":"render","decl":{"start":{"line":23,"column":45},"end":{"line":23,"column":51}},"loc":{"start":{"line":23,"column":55},"end":{"line":23,"column":282}},"line":23}},"branchMap":{"0":{"loc":{"start":{"line":20,"column":0},"end":{"line":20,"column":70}},"type":"if","locations":[{"start":{"line":20,"column":0},"end":{"line":20,"column":70}},{"start":{"line":20,"column":0},"end":{"line":20,"column":70}}],"line":20},"1":{"loc":{"start":{"line":21,"column":24},"end":{"line":21,"column":100}},"type":"cond-expr","locations":[{"start":{"line":21,"column":62},"end":{"line":21,"column":84}},{"start":{"line":21,"column":86},"end":{"line":21,"column":100}}],"line":21},"2":{"loc":{"start":{"line":22,"column":92},"end":{"line":22,"column":108}},"type":"binary-expr","locations":[{"start":{"line":22,"column":92},"end":{"line":22,"column":104}},{"start":{"line":22,"column":106},"end":{"line":22,"column":108}}],"line":22},"3":{"loc":{"start":{"line":23,"column":102},"end":{"line":23,"column":118}},"type":"binary-expr","locations":[{"start":{"line":23,"column":102},"end":{"line":23,"column":114}},{"start":{"line":23,"column":116},"end":{"line":23,"column":118}}],"line":23}},"s":{"0":0,"1":0,"2":0,"3":0,"4":0,"5":0,"6":0,"7":0,"8":0,"9":0,"10":0,"11":0,"12":0,"13":0,"14":0,"15":0},"f":{"0":0,"1":0,"2":0},"b":{"0":[0,0],"1":[0,0],"2":[0,0],"3":[0,0]}}
,"/home/olivia/public_html/OffBookProject/src/components/Home.vue": {"path":"/home/olivia/public_html/OffBookProject/src/components/Home.vue","statementMap":{"0":{"start":{"line":1,"column":1},"end":{"line":36,"column":4}},"1":{"start":{"line":4,"column":0},"end":{"line":6,"column":3}},"2":{"start":{"line":8,"column":17},"end":{"line":8,"column":45}},"3":{"start":{"line":10,"column":18},"end":{"line":10,"column":52}},"4":{"start":{"line":12,"column":18},"end":{"line":12,"column":46}},"5":{"start":{"line":14,"column":18},"end":{"line":14,"column":53}},"6":{"start":{"line":16,"column":18},"end":{"line":16,"column":46}},"7":{"start":{"line":18,"column":18},"end":{"line":18,"column":53}},"8":{"start":{"line":20,"column":39},"end":{"line":20,"column":93}},"9":{"start":{"line":22,"column":0},"end":{"line":28,"column":2}},"10":{"start":{"line":37,"column":0},"end":{"line":37,"column":70}},"11":{"start":{"line":37,"column":31},"end":{"line":37,"column":70}},"12":{"start":{"line":38,"column":24},"end":{"line":38,"column":100}},"13":{"start":{"line":39,"column":0},"end":{"line":39,"column":220}},"14":{"start":{"line":39,"column":54},"end":{"line":39,"column":58}},"15":{"start":{"line":39,"column":66},"end":{"line":39,"column":84}},"16":{"start":{"line":39,"column":92},"end":{"line":39,"column":108}},"17":{"start":{"line":39,"column":109},"end":{"line":39,"column":219}},"18":{"start":{"line":40,"column":0},"end":{"line":40,"column":37}}},"fnMap":{"0":{"name":"(anonymous_0)","decl":{"start":{"line":1,"column":2},"end":{"line":1,"column":3}},"loc":{"start":{"line":1,"column":12},"end":{"line":36,"column":1}},"line":1},"1":{"name":"_interopRequireDefault","decl":{"start":{"line":20,"column":9},"end":{"line":20,"column":31}},"loc":{"start":{"line":20,"column":37},"end":{"line":20,"column":95}},"line":20},"2":{"name":"render","decl":{"start":{"line":39,"column":35},"end":{"line":39,"column":41}},"loc":{"start":{"line":39,"column":45},"end":{"line":39,"column":220}},"line":39}},"branchMap":{"0":{"loc":{"start":{"line":20,"column":46},"end":{"line":20,"column":92}},"type":"cond-expr","locations":[{"start":{"line":20,"column":70},"end":{"line":20,"column":73}},{"start":{"line":20,"column":76},"end":{"line":20,"column":92}}],"line":20},"1":{"loc":{"start":{"line":20,"column":46},"end":{"line":20,"column":67}},"type":"binary-expr","locations":[{"start":{"line":20,"column":46},"end":{"line":20,"column":49}},{"start":{"line":20,"column":53},"end":{"line":20,"column":67}}],"line":20},"2":{"loc":{"start":{"line":37,"column":0},"end":{"line":37,"column":70}},"type":"if","locations":[{"start":{"line":37,"column":0},"end":{"line":37,"column":70}},{"start":{"line":37,"column":0},"end":{"line":37,"column":70}}],"line":37},"3":{"loc":{"start":{"line":38,"column":24},"end":{"line":38,"column":100}},"type":"cond-expr","locations":[{"start":{"line":38,"column":62},"end":{"line":38,"column":84}},{"start":{"line":38,"column":86},"end":{"line":38,"column":100}}],"line":38},"4":{"loc":{"start":{"line":39,"column":92},"end":{"line":39,"column":108}},"type":"binary-expr","locations":[{"start":{"line":39,"column":92},"end":{"line":39,"column":104}},{"start":{"line":39,"column":106},"end":{"line":39,"column":108}}],"line":39}},"s":{"0":0,"1":0,"2":0,"3":0,"4":0,"5":0,"6":0,"7":0,"8":0,"9":0,"10":0,"11":0,"12":0,"13":0,"14":0,"15":0,"16":0,"17":0,"18":0},"f":{"0":0,"1":0,"2":0},"b":{"0":[0,0],"1":[0,0],"2":[0,0],"3":[0,0],"4":[0,0]}}
,"/home/olivia/public_html/OffBookProject/src/components/ListOfBooks.vue": {"path":"/home/olivia/public_html/OffBookProject/src/components/ListOfBooks.vue","statementMap":{"0":{"start":{"line":1,"column":1},"end":{"line":51,"column":4}},"1":{"start":{"line":4,"column":0},"end":{"line":6,"column":3}},"2":{"start":{"line":27,"column":0},"end":{"line":50,"column":2}},"3":{"start":{"line":29,"column":4},"end":{"line":34,"column":6}},"4":{"start":{"line":39,"column":18},"end":{"line":39,"column":22}},"5":{"start":{"line":41,"column":6},"end":{"line":44,"column":9}},"6":{"start":{"line":42,"column":8},"end":{"line":42,"column":39}},"7":{"start":{"line":43,"column":8},"end":{"line":43,"column":48}},"8":{"start":{"line":48,"column":4},"end":{"line":48,"column":25}},"9":{"start":{"line":52,"column":0},"end":{"line":52,"column":70}},"10":{"start":{"line":52,"column":31},"end":{"line":52,"column":70}},"11":{"start":{"line":53,"column":24},"end":{"line":53,"column":100}},"12":{"start":{"line":54,"column":0},"end":{"line":54,"column":877}},"13":{"start":{"line":54,"column":54},"end":{"line":54,"column":58}},"14":{"start":{"line":54,"column":66},"end":{"line":54,"column":84}},"15":{"start":{"line":54,"column":92},"end":{"line":54,"column":108}},"16":{"start":{"line":54,"column":109},"end":{"line":54,"column":876}},"17":{"start":{"line":54,"column":236},"end":{"line":54,"column":870}},"18":{"start":{"line":55,"column":0},"end":{"line":55,"column":196}},"19":{"start":{"line":55,"column":64},"end":{"line":55,"column":68}},"20":{"start":{"line":55,"column":76},"end":{"line":55,"column":94}},"21":{"start":{"line":55,"column":102},"end":{"line":55,"column":118}},"22":{"start":{"line":55,"column":119},"end":{"line":55,"column":194}}},"fnMap":{"0":{"name":"(anonymous_0)","decl":{"start":{"line":1,"column":2},"end":{"line":1,"column":3}},"loc":{"start":{"line":1,"column":12},"end":{"line":51,"column":1}},"line":1},"1":{"name":"data","decl":{"start":{"line":28,"column":17},"end":{"line":28,"column":21}},"loc":{"start":{"line":28,"column":24},"end":{"line":35,"column":3}},"line":28},"2":{"name":"fetchAllLists","decl":{"start":{"line":38,"column":28},"end":{"line":38,"column":41}},"loc":{"start":{"line":38,"column":44},"end":{"line":45,"column":5}},"line":38},"3":{"name":"(anonymous_3)","decl":{"start":{"line":41,"column":57},"end":{"line":41,"column":58}},"loc":{"start":{"line":41,"column":77},"end":{"line":44,"column":7}},"line":41},"4":{"name":"mounted","decl":{"start":{"line":47,"column":20},"end":{"line":47,"column":27}},"loc":{"start":{"line":47,"column":30},"end":{"line":49,"column":3}},"line":47},"5":{"name":"render","decl":{"start":{"line":54,"column":35},"end":{"line":54,"column":41}},"loc":{"start":{"line":54,"column":45},"end":{"line":54,"column":877}},"line":54},"6":{"name":"(anonymous_6)","decl":{"start":{"line":54,"column":221},"end":{"line":54,"column":222}},"loc":{"start":{"line":54,"column":235},"end":{"line":54,"column":871}},"line":54},"7":{"name":"render","decl":{"start":{"line":55,"column":45},"end":{"line":55,"column":51}},"loc":{"start":{"line":55,"column":55},"end":{"line":55,"column":195}},"line":55}},"branchMap":{"0":{"loc":{"start":{"line":52,"column":0},"end":{"line":52,"column":70}},"type":"if","locations":[{"start":{"line":52,"column":0},"end":{"line":52,"column":70}},{"start":{"line":52,"column":0},"end":{"line":52,"column":70}}],"line":52},"1":{"loc":{"start":{"line":53,"column":24},"end":{"line":53,"column":100}},"type":"cond-expr","locations":[{"start":{"line":53,"column":62},"end":{"line":53,"column":84}},{"start":{"line":53,"column":86},"end":{"line":53,"column":100}}],"line":53},"2":{"loc":{"start":{"line":54,"column":92},"end":{"line":54,"column":108}},"type":"binary-expr","locations":[{"start":{"line":54,"column":92},"end":{"line":54,"column":104}},{"start":{"line":54,"column":106},"end":{"line":54,"column":108}}],"line":54},"3":{"loc":{"start":{"line":55,"column":102},"end":{"line":55,"column":118}},"type":"binary-expr","locations":[{"start":{"line":55,"column":102},"end":{"line":55,"column":114}},{"start":{"line":55,"column":116},"end":{"line":55,"column":118}}],"line":55}},"s":{"0":0,"1":0,"2":0,"3":0,"4":0,"5":0,"6":0,"7":0,"8":0,"9":0,"10":0,"11":0,"12":0,"13":0,"14":0,"15":0,"16":0,"17":0,"18":0,"19":0,"20":0,"21":0,"22":0},"f":{"0":0,"1":0,"2":0,"3":0,"4":0,"5":0,"6":0,"7":0},"b":{"0":[0,0],"1":[0,0],"2":[0,0],"3":[0,0]}}
,"/home/olivia/public_html/OffBookProject/src/components/NavBar.vue": {"path":"/home/olivia/public_html/OffBookProject/src/components/NavBar.vue","statementMap":{"0":{"start":{"line":68,"column":0},"end":{"line":null,"column":-1}},"1":{"start":{"line":74,"column":0},"end":{"line":null,"column":-1}},"2":{"start":{"line":77,"column":0},"end":{"line":82,"column":0}},"3":{"start":{"line":79,"column":0},"end":{"line":null,"column":-1}},"4":{"start":{"line":81,"column":0},"end":{"line":null,"column":-1}},"5":{"start":{"line":92,"column":0},"end":{"line":null,"column":-1}},"6":{"start":{"line":93,"column":0},"end":{"line":null,"column":-1}},"7":{"start":{"line":98,"column":0},"end":{"line":null,"column":-1}}},"fnMap":{"0":{"name":"data","decl":{"start":{"line":67,"column":0},"end":{"line":null,"column":-1}},"loc":{"start":{"line":67,"column":0},"end":{"line":71,"column":0}}},"1":{"name":"auth","decl":{"start":{"line":73,"column":0},"end":{"line":null,"column":-1}},"loc":{"start":{"line":73,"column":0},"end":{"line":75,"column":0}}},"2":{"name":"getUserId","decl":{"start":{"line":76,"column":0},"end":{"line":null,"column":-1}},"loc":{"start":{"line":76,"column":0},"end":{"line":83,"column":0}}},"3":{"name":"onLogout","decl":{"start":{"line":91,"column":0},"end":{"line":null,"column":-1}},"loc":{"start":{"line":91,"column":0},"end":{"line":95,"column":0}}},"4":{"name":"beforeMount","decl":{"start":{"line":97,"column":0},"end":{"line":null,"column":-1}},"loc":{"start":{"line":97,"column":0},"end":{"line":99,"column":0}}}},"branchMap":{"0":{"loc":{"start":{"line":77,"column":0},"end":{"line":82,"column":0}},"type":"if","locations":[{"start":{"line":77,"column":0},"end":{"line":82,"column":0}},{"start":{"line":77,"column":0},"end":{"line":82,"column":0}}]},"1":{"loc":{"start":{"line":77,"column":0},"end":{"line":null,"column":-1}},"type":"binary-expr","locations":[{"start":{"line":77,"column":0},"end":{"line":null,"column":-1}},{"start":{"line":77,"column":0},"end":{"line":null,"column":-1}}]}},"s":{"0":1,"1":1,"2":0,"3":0,"4":0,"5":0,"6":0,"7":1},"f":{"0":1,"1":1,"2":0,"3":0,"4":1},"b":{"0":[0,0],"1":[0,0]}}
,"/home/olivia/public_html/OffBookProject/src/components/Account/Account.vue": {"path":"/home/olivia/public_html/OffBookProject/src/components/Account/Account.vue","statementMap":{"0":{"start":{"line":1,"column":1},"end":{"line":327,"column":4}},"1":{"start":{"line":4,"column":0},"end":{"line":6,"column":3}},"2":{"start":{"line":8,"column":17},"end":{"line":8,"column":64}},"3":{"start":{"line":10,"column":18},"end":{"line":10,"column":52}},"4":{"start":{"line":12,"column":19},"end":{"line":12,"column":43}},"5":{"start":{"line":14,"column":20},"end":{"line":14,"column":56}},"6":{"start":{"line":16,"column":17},"end":{"line":16,"column":39}},"7":{"start":{"line":18,"column":18},"end":{"line":18,"column":52}},"8":{"start":{"line":20,"column":20},"end":{"line":20,"column":45}},"9":{"start":{"line":22,"column":21},"end":{"line":22,"column":58}},"10":{"start":{"line":24,"column":32},"end":{"line":24,"column":69}},"11":{"start":{"line":26,"column":33},"end":{"line":26,"column":82}},"12":{"start":{"line":28,"column":39},"end":{"line":28,"column":93}},"13":{"start":{"line":197,"column":0},"end":{"line":326,"column":2}},"14":{"start":{"line":206,"column":4},"end":{"line":224,"column":6}},"15":{"start":{"line":229,"column":22},"end":{"line":229,"column":78}},"16":{"start":{"line":230,"column":18},"end":{"line":230,"column":91}},"17":{"start":{"line":231,"column":6},"end":{"line":235,"column":7}},"18":{"start":{"line":232,"column":8},"end":{"line":232,"column":21}},"19":{"start":{"line":234,"column":8},"end":{"line":234,"column":25}},"20":{"start":{"line":238,"column":18},"end":{"line":238,"column":22}},"21":{"start":{"line":240,"column":6},"end":{"line":243,"column":9}},"22":{"start":{"line":241,"column":8},"end":{"line":241,"column":40}},"23":{"start":{"line":242,"column":8},"end":{"line":242,"column":56}},"24":{"start":{"line":246,"column":19},"end":{"line":246,"column":23}},"25":{"start":{"line":248,"column":6},"end":{"line":250,"column":9}},"26":{"start":{"line":249,"column":8},"end":{"line":249,"column":61}},"27":{"start":{"line":253,"column":19},"end":{"line":253,"column":23}},"28":{"start":{"line":255,"column":6},"end":{"line":257,"column":9}},"29":{"start":{"line":256,"column":8},"end":{"line":256,"column":57}},"30":{"start":{"line":260,"column":19},"end":{"line":260,"column":23}},"31":{"start":{"line":262,"column":6},"end":{"line":262,"column":31}},"32":{"start":{"line":263,"column":6},"end":{"line":267,"column":9}},"33":{"start":{"line":264,"column":8},"end":{"line":264,"column":37}},"34":{"start":{"line":266,"column":8},"end":{"line":266,"column":27}},"35":{"start":{"line":271,"column":19},"end":{"line":271,"column":23}},"36":{"start":{"line":273,"column":6},"end":{"line":273,"column":35}},"37":{"start":{"line":274,"column":6},"end":{"line":279,"column":9}},"38":{"start":{"line":275,"column":8},"end":{"line":275,"column":37}},"39":{"start":{"line":277,"column":8},"end":{"line":277,"column":31}},"40":{"start":{"line":278,"column":8},"end":{"line":278,"column":27}},"41":{"start":{"line":283,"column":19},"end":{"line":283,"column":23}},"42":{"start":{"line":285,"column":6},"end":{"line":285,"column":43}},"43":{"start":{"line":286,"column":6},"end":{"line":286,"column":30}},"44":{"start":{"line":287,"column":6},"end":{"line":290,"column":9}},"45":{"start":{"line":288,"column":8},"end":{"line":288,"column":78}},"46":{"start":{"line":289,"column":8},"end":{"line":289,"column":49}},"47":{"start":{"line":293,"column":19},"end":{"line":293,"column":23}},"48":{"start":{"line":295,"column":6},"end":{"line":295,"column":34}},"49":{"start":{"line":296,"column":6},"end":{"line":298,"column":9}},"50":{"start":{"line":297,"column":8},"end":{"line":297,"column":53}},"51":{"start":{"line":301,"column":19},"end":{"line":301,"column":23}},"52":{"start":{"line":303,"column":19},"end":{"line":303,"column":31}},"53":{"start":{"line":304,"column":19},"end":{"line":304,"column":26}},"54":{"start":{"line":305,"column":6},"end":{"line":314,"column":9}},"55":{"start":{"line":306,"column":8},"end":{"line":306,"column":41}},"56":{"start":{"line":308,"column":8},"end":{"line":308,"column":91}},"57":{"start":{"line":310,"column":8},"end":{"line":310,"column":73}},"58":{"start":{"line":312,"column":8},"end":{"line":312,"column":27}},"59":{"start":{"line":313,"column":8},"end":{"line":313,"column":31}},"60":{"start":{"line":318,"column":4},"end":{"line":318,"column":21}},"61":{"start":{"line":319,"column":4},"end":{"line":319,"column":25}},"62":{"start":{"line":320,"column":4},"end":{"line":320,"column":25}},"63":{"start":{"line":323,"column":4},"end":{"line":323,"column":43}},"64":{"start":{"line":324,"column":4},"end":{"line":324,"column":42}},"65":{"start":{"line":328,"column":0},"end":{"line":328,"column":70}},"66":{"start":{"line":328,"column":31},"end":{"line":328,"column":70}},"67":{"start":{"line":329,"column":24},"end":{"line":329,"column":100}},"68":{"start":{"line":330,"column":0},"end":{"line":330,"column":8623}},"69":{"start":{"line":330,"column":54},"end":{"line":330,"column":58}},"70":{"start":{"line":330,"column":66},"end":{"line":330,"column":84}},"71":{"start":{"line":330,"column":92},"end":{"line":330,"column":108}},"72":{"start":{"line":330,"column":109},"end":{"line":330,"column":8622}},"73":{"start":{"line":330,"column":1127},"end":{"line":330,"column":2143}},"74":{"start":{"line":330,"column":2040},"end":{"line":330,"column":2070}},"75":{"start":{"line":330,"column":2582},"end":{"line":330,"column":3259}},"76":{"start":{"line":330,"column":3038},"end":{"line":330,"column":3061}},"77":{"start":{"line":330,"column":3204},"end":{"line":330,"column":3232}},"78":{"start":{"line":330,"column":4279},"end":{"line":330,"column":4829}},"79":{"start":{"line":330,"column":4584},"end":{"line":330,"column":4693}},"80":{"start":{"line":330,"column":6201},"end":{"line":330,"column":7421}},"81":{"start":{"line":330,"column":7103},"end":{"line":330,"column":7141}},"82":{"start":{"line":330,"column":7309},"end":{"line":330,"column":7339}},"83":{"start":{"line":330,"column":7921},"end":{"line":330,"column":8606}},"84":{"start":{"line":330,"column":8377},"end":{"line":330,"column":8404}},"85":{"start":{"line":330,"column":8547},"end":{"line":330,"column":8579}},"86":{"start":{"line":331,"column":0},"end":{"line":331,"column":37}}},"fnMap":{"0":{"name":"(anonymous_0)","decl":{"start":{"line":1,"column":2},"end":{"line":1,"column":3}},"loc":{"start":{"line":1,"column":12},"end":{"line":327,"column":1}},"line":1},"1":{"name":"_interopRequireDefault","decl":{"start":{"line":28,"column":9},"end":{"line":28,"column":31}},"loc":{"start":{"line":28,"column":37},"end":{"line":28,"column":95}},"line":28},"2":{"name":"data","decl":{"start":{"line":205,"column":17},"end":{"line":205,"column":21}},"loc":{"start":{"line":205,"column":24},"end":{"line":225,"column":3}},"line":205},"3":{"name":"manageCoverBook","decl":{"start":{"line":228,"column":30},"end":{"line":228,"column":45}},"loc":{"start":{"line":228,"column":51},"end":{"line":236,"column":5}},"line":228},"4":{"name":"fetchData","decl":{"start":{"line":237,"column":24},"end":{"line":237,"column":33}},"loc":{"start":{"line":237,"column":36},"end":{"line":244,"column":5}},"line":237},"5":{"name":"(anonymous_5)","decl":{"start":{"line":240,"column":77},"end":{"line":240,"column":78}},"loc":{"start":{"line":240,"column":97},"end":{"line":243,"column":7}},"line":240},"6":{"name":"fetchDataWish","decl":{"start":{"line":245,"column":28},"end":{"line":245,"column":41}},"loc":{"start":{"line":245,"column":44},"end":{"line":251,"column":5}},"line":245},"7":{"name":"(anonymous_7)","decl":{"start":{"line":248,"column":81},"end":{"line":248,"column":82}},"loc":{"start":{"line":248,"column":101},"end":{"line":250,"column":7}},"line":248},"8":{"name":"fetchDataList","decl":{"start":{"line":252,"column":28},"end":{"line":252,"column":41}},"loc":{"start":{"line":252,"column":44},"end":{"line":258,"column":5}},"line":252},"9":{"name":"(anonymous_9)","decl":{"start":{"line":255,"column":78},"end":{"line":255,"column":79}},"loc":{"start":{"line":255,"column":98},"end":{"line":257,"column":7}},"line":255},"10":{"name":"deleteBook","decl":{"start":{"line":259,"column":25},"end":{"line":259,"column":35}},"loc":{"start":{"line":259,"column":45},"end":{"line":269,"column":5}},"line":259},"11":{"name":"(anonymous_11)","decl":{"start":{"line":263,"column":70},"end":{"line":263,"column":71}},"loc":{"start":{"line":263,"column":90},"end":{"line":265,"column":7}},"line":263},"12":{"name":"(anonymous_12)","decl":{"start":{"line":265,"column":14},"end":{"line":265,"column":15}},"loc":{"start":{"line":265,"column":26},"end":{"line":267,"column":7}},"line":265},"13":{"name":"deleteWishBook","decl":{"start":{"line":270,"column":29},"end":{"line":270,"column":43}},"loc":{"start":{"line":270,"column":53},"end":{"line":281,"column":5}},"line":270},"14":{"name":"(anonymous_14)","decl":{"start":{"line":274,"column":74},"end":{"line":274,"column":75}},"loc":{"start":{"line":274,"column":94},"end":{"line":276,"column":7}},"line":274},"15":{"name":"(anonymous_15)","decl":{"start":{"line":276,"column":14},"end":{"line":276,"column":15}},"loc":{"start":{"line":276,"column":26},"end":{"line":279,"column":7}},"line":276},"16":{"name":"triggerModal","decl":{"start":{"line":282,"column":27},"end":{"line":282,"column":39}},"loc":{"start":{"line":282,"column":49},"end":{"line":291,"column":5}},"line":282},"17":{"name":"(anonymous_17)","decl":{"start":{"line":287,"column":67},"end":{"line":287,"column":68}},"loc":{"start":{"line":287,"column":87},"end":{"line":290,"column":7}},"line":287},"18":{"name":"triggerModalWishBook","decl":{"start":{"line":292,"column":35},"end":{"line":292,"column":55}},"loc":{"start":{"line":292,"column":65},"end":{"line":299,"column":5}},"line":292},"19":{"name":"(anonymous_19)","decl":{"start":{"line":296,"column":71},"end":{"line":296,"column":72}},"loc":{"start":{"line":296,"column":91},"end":{"line":298,"column":7}},"line":296},"20":{"name":"addToLibrary","decl":{"start":{"line":300,"column":27},"end":{"line":300,"column":39}},"loc":{"start":{"line":300,"column":49},"end":{"line":315,"column":5}},"line":300},"21":{"name":"(anonymous_21)","decl":{"start":{"line":305,"column":71},"end":{"line":305,"column":72}},"loc":{"start":{"line":305,"column":91},"end":{"line":307,"column":7}},"line":305},"22":{"name":"(anonymous_22)","decl":{"start":{"line":307,"column":14},"end":{"line":307,"column":15}},"loc":{"start":{"line":307,"column":26},"end":{"line":309,"column":7}},"line":307},"23":{"name":"(anonymous_23)","decl":{"start":{"line":309,"column":14},"end":{"line":309,"column":15}},"loc":{"start":{"line":309,"column":26},"end":{"line":311,"column":7}},"line":309},"24":{"name":"(anonymous_24)","decl":{"start":{"line":311,"column":14},"end":{"line":311,"column":15}},"loc":{"start":{"line":311,"column":26},"end":{"line":314,"column":7}},"line":311},"25":{"name":"mounted","decl":{"start":{"line":317,"column":20},"end":{"line":317,"column":27}},"loc":{"start":{"line":317,"column":30},"end":{"line":321,"column":3}},"line":317},"26":{"name":"created","decl":{"start":{"line":322,"column":20},"end":{"line":322,"column":27}},"loc":{"start":{"line":322,"column":30},"end":{"line":325,"column":3}},"line":322},"27":{"name":"render","decl":{"start":{"line":330,"column":35},"end":{"line":330,"column":41}},"loc":{"start":{"line":330,"column":45},"end":{"line":330,"column":8623}},"line":330},"28":{"name":"(anonymous_28)","decl":{"start":{"line":330,"column":1112},"end":{"line":330,"column":1113}},"loc":{"start":{"line":330,"column":1126},"end":{"line":330,"column":2144}},"line":330},"29":{"name":"(anonymous_29)","decl":{"start":{"line":330,"column":2027},"end":{"line":330,"column":2028}},"loc":{"start":{"line":330,"column":2039},"end":{"line":330,"column":2071}},"line":330},"30":{"name":"(anonymous_30)","decl":{"start":{"line":330,"column":2567},"end":{"line":330,"column":2568}},"loc":{"start":{"line":330,"column":2581},"end":{"line":330,"column":3260}},"line":330},"31":{"name":"(anonymous_31)","decl":{"start":{"line":330,"column":3021},"end":{"line":330,"column":3022}},"loc":{"start":{"line":330,"column":3037},"end":{"line":330,"column":3062}},"line":330},"32":{"name":"(anonymous_32)","decl":{"start":{"line":330,"column":3191},"end":{"line":330,"column":3192}},"loc":{"start":{"line":330,"column":3203},"end":{"line":330,"column":3233}},"line":330},"33":{"name":"(anonymous_33)","decl":{"start":{"line":330,"column":4264},"end":{"line":330,"column":4265}},"loc":{"start":{"line":330,"column":4278},"end":{"line":330,"column":4830}},"line":330},"34":{"name":"(anonymous_34)","decl":{"start":{"line":330,"column":4566},"end":{"line":330,"column":4567}},"loc":{"start":{"line":330,"column":4583},"end":{"line":330,"column":4694}},"line":330},"35":{"name":"(anonymous_35)","decl":{"start":{"line":330,"column":6186},"end":{"line":330,"column":6187}},"loc":{"start":{"line":330,"column":6200},"end":{"line":330,"column":7422}},"line":330},"36":{"name":"(anonymous_36)","decl":{"start":{"line":330,"column":7090},"end":{"line":330,"column":7091}},"loc":{"start":{"line":330,"column":7102},"end":{"line":330,"column":7142}},"line":330},"37":{"name":"(anonymous_37)","decl":{"start":{"line":330,"column":7297},"end":{"line":330,"column":7298}},"loc":{"start":{"line":330,"column":7308},"end":{"line":330,"column":7340}},"line":330},"38":{"name":"(anonymous_38)","decl":{"start":{"line":330,"column":7906},"end":{"line":330,"column":7907}},"loc":{"start":{"line":330,"column":7920},"end":{"line":330,"column":8607}},"line":330},"39":{"name":"(anonymous_39)","decl":{"start":{"line":330,"column":8360},"end":{"line":330,"column":8361}},"loc":{"start":{"line":330,"column":8376},"end":{"line":330,"column":8405}},"line":330},"40":{"name":"(anonymous_40)","decl":{"start":{"line":330,"column":8534},"end":{"line":330,"column":8535}},"loc":{"start":{"line":330,"column":8546},"end":{"line":330,"column":8580}},"line":330}},"branchMap":{"0":{"loc":{"start":{"line":28,"column":46},"end":{"line":28,"column":92}},"type":"cond-expr","locations":[{"start":{"line":28,"column":70},"end":{"line":28,"column":73}},{"start":{"line":28,"column":76},"end":{"line":28,"column":92}}],"line":28},"1":{"loc":{"start":{"line":28,"column":46},"end":{"line":28,"column":67}},"type":"binary-expr","locations":[{"start":{"line":28,"column":46},"end":{"line":28,"column":49}},{"start":{"line":28,"column":53},"end":{"line":28,"column":67}}],"line":28},"2":{"loc":{"start":{"line":231,"column":6},"end":{"line":235,"column":7}},"type":"if","locations":[{"start":{"line":231,"column":6},"end":{"line":235,"column":7}},{"start":{"line":231,"column":6},"end":{"line":235,"column":7}}],"line":231},"3":{"loc":{"start":{"line":328,"column":0},"end":{"line":328,"column":70}},"type":"if","locations":[{"start":{"line":328,"column":0},"end":{"line":328,"column":70}},{"start":{"line":328,"column":0},"end":{"line":328,"column":70}}],"line":328},"4":{"loc":{"start":{"line":329,"column":24},"end":{"line":329,"column":100}},"type":"cond-expr","locations":[{"start":{"line":329,"column":62},"end":{"line":329,"column":84}},{"start":{"line":329,"column":86},"end":{"line":329,"column":100}}],"line":329},"5":{"loc":{"start":{"line":330,"column":92},"end":{"line":330,"column":108}},"type":"binary-expr","locations":[{"start":{"line":330,"column":92},"end":{"line":330,"column":104}},{"start":{"line":330,"column":106},"end":{"line":330,"column":108}}],"line":330},"6":{"loc":{"start":{"line":330,"column":488},"end":{"line":330,"column":550}},"type":"cond-expr","locations":[{"start":{"line":330,"column":512},"end":{"line":330,"column":530}},{"start":{"line":330,"column":533},"end":{"line":330,"column":550}}],"line":330},"7":{"loc":{"start":{"line":330,"column":850},"end":{"line":330,"column":1031}},"type":"cond-expr","locations":[{"start":{"line":330,"column":871},"end":{"line":330,"column":1022}},{"start":{"line":330,"column":1023},"end":{"line":330,"column":1031}}],"line":330},"8":{"loc":{"start":{"line":330,"column":1044},"end":{"line":330,"column":2155}},"type":"cond-expr","locations":[{"start":{"line":330,"column":1064},"end":{"line":330,"column":2146}},{"start":{"line":330,"column":2147},"end":{"line":330,"column":2155}}],"line":330},"9":{"loc":{"start":{"line":330,"column":2168},"end":{"line":330,"column":2483}},"type":"cond-expr","locations":[{"start":{"line":330,"column":2192},"end":{"line":330,"column":2474}},{"start":{"line":330,"column":2475},"end":{"line":330,"column":2483}}],"line":330},"10":{"loc":{"start":{"line":330,"column":2496},"end":{"line":330,"column":3271}},"type":"cond-expr","locations":[{"start":{"line":330,"column":2514},"end":{"line":330,"column":3262}},{"start":{"line":330,"column":3263},"end":{"line":330,"column":3271}}],"line":330},"11":{"loc":{"start":{"line":330,"column":3645},"end":{"line":330,"column":3707}},"type":"cond-expr","locations":[{"start":{"line":330,"column":3669},"end":{"line":330,"column":3687}},{"start":{"line":330,"column":3690},"end":{"line":330,"column":3707}}],"line":330},"12":{"loc":{"start":{"line":330,"column":4003},"end":{"line":330,"column":4183}},"type":"cond-expr","locations":[{"start":{"line":330,"column":4024},"end":{"line":330,"column":4174}},{"start":{"line":330,"column":4175},"end":{"line":330,"column":4183}}],"line":330},"13":{"loc":{"start":{"line":330,"column":4196},"end":{"line":330,"column":4841}},"type":"cond-expr","locations":[{"start":{"line":330,"column":4216},"end":{"line":330,"column":4832}},{"start":{"line":330,"column":4833},"end":{"line":330,"column":4841}}],"line":330},"14":{"loc":{"start":{"line":330,"column":4854},"end":{"line":330,"column":5167}},"type":"cond-expr","locations":[{"start":{"line":330,"column":4878},"end":{"line":330,"column":5158}},{"start":{"line":330,"column":5159},"end":{"line":330,"column":5167}}],"line":330},"15":{"loc":{"start":{"line":330,"column":5545},"end":{"line":330,"column":5607}},"type":"cond-expr","locations":[{"start":{"line":330,"column":5569},"end":{"line":330,"column":5587}},{"start":{"line":330,"column":5590},"end":{"line":330,"column":5607}}],"line":330},"16":{"loc":{"start":{"line":330,"column":5910},"end":{"line":330,"column":6097}},"type":"cond-expr","locations":[{"start":{"line":330,"column":5935},"end":{"line":330,"column":6088}},{"start":{"line":330,"column":6089},"end":{"line":330,"column":6097}}],"line":330},"17":{"loc":{"start":{"line":330,"column":6110},"end":{"line":330,"column":7433}},"type":"cond-expr","locations":[{"start":{"line":330,"column":6134},"end":{"line":330,"column":7424}},{"start":{"line":330,"column":7425},"end":{"line":330,"column":7433}}],"line":330},"18":{"loc":{"start":{"line":330,"column":7446},"end":{"line":330,"column":7814}},"type":"cond-expr","locations":[{"start":{"line":330,"column":7474},"end":{"line":330,"column":7805}},{"start":{"line":330,"column":7806},"end":{"line":330,"column":7814}}],"line":330},"19":{"loc":{"start":{"line":330,"column":7827},"end":{"line":330,"column":8618}},"type":"cond-expr","locations":[{"start":{"line":330,"column":7849},"end":{"line":330,"column":8609}},{"start":{"line":330,"column":8610},"end":{"line":330,"column":8618}}],"line":330}},"s":{"0":0,"1":0,"2":0,"3":0,"4":0,"5":0,"6":0,"7":0,"8":0,"9":0,"10":0,"11":0,"12":0,"13":0,"14":0,"15":0,"16":0,"17":0,"18":0,"19":0,"20":0,"21":0,"22":0,"23":0,"24":0,"25":0,"26":0,"27":0,"28":0,"29":0,"30":0,"31":0,"32":0,"33":0,"34":0,"35":0,"36":0,"37":0,"38":0,"39":0,"40":0,"41":0,"42":0,"43":0,"44":0,"45":0,"46":0,"47":0,"48":0,"49":0,"50":0,"51":0,"52":0,"53":0,"54":0,"55":0,"56":0,"57":0,"58":0,"59":0,"60":0,"61":0,"62":0,"63":0,"64":0,"65":0,"66":0,"67":0,"68":0,"69":0,"70":0,"71":0,"72":0,"73":0,"74":0,"75":0,"76":0,"77":0,"78":0,"79":0,"80":0,"81":0,"82":0,"83":0,"84":0,"85":0,"86":0},"f":{"0":0,"1":0,"2":0,"3":0,"4":0,"5":0,"6":0,"7":0,"8":0,"9":0,"10":0,"11":0,"12":0,"13":0,"14":0,"15":0,"16":0,"17":0,"18":0,"19":0,"20":0,"21":0,"22":0,"23":0,"24":0,"25":0,"26":0,"27":0,"28":0,"29":0,"30":0,"31":0,"32":0,"33":0,"34":0,"35":0,"36":0,"37":0,"38":0,"39":0,"40":0},"b":{"0":[0,0],"1":[0,0],"2":[0,0],"3":[0,0],"4":[0,0],"5":[0,0],"6":[0,0],"7":[0,0],"8":[0,0],"9":[0,0],"10":[0,0],"11":[0,0],"12":[0,0],"13":[0,0],"14":[0,0],"15":[0,0],"16":[0,0],"17":[0,0],"18":[0,0],"19":[0,0]}}
,"/home/olivia/public_html/OffBookProject/src/components/Account/YourLibrary.vue": {"path":"/home/olivia/public_html/OffBookProject/src/components/Account/YourLibrary.vue","statementMap":{"0":{"start":{"line":1,"column":1},"end":{"line":143,"column":4}},"1":{"start":{"line":4,"column":0},"end":{"line":6,"column":3}},"2":{"start":{"line":77,"column":0},"end":{"line":142,"column":2}},"3":{"start":{"line":84,"column":4},"end":{"line":93,"column":6}},"4":{"start":{"line":98,"column":6},"end":{"line":100,"column":7}},"5":{"start":{"line":99,"column":8},"end":{"line":99,"column":29}},"6":{"start":{"line":103,"column":6},"end":{"line":103,"column":35}},"7":{"start":{"line":106,"column":22},"end":{"line":106,"column":79}},"8":{"start":{"line":107,"column":18},"end":{"line":107,"column":91}},"9":{"start":{"line":108,"column":6},"end":{"line":112,"column":7}},"10":{"start":{"line":109,"column":8},"end":{"line":109,"column":21}},"11":{"start":{"line":111,"column":8},"end":{"line":111,"column":25}},"12":{"start":{"line":115,"column":18},"end":{"line":115,"column":22}},"13":{"start":{"line":117,"column":6},"end":{"line":119,"column":9}},"14":{"start":{"line":118,"column":8},"end":{"line":118,"column":36}},"15":{"start":{"line":122,"column":19},"end":{"line":122,"column":23}},"16":{"start":{"line":124,"column":6},"end":{"line":124,"column":31}},"17":{"start":{"line":125,"column":6},"end":{"line":127,"column":32}},"18":{"start":{"line":126,"column":8},"end":{"line":126,"column":37}},"19":{"start":{"line":131,"column":19},"end":{"line":131,"column":23}},"20":{"start":{"line":133,"column":6},"end":{"line":133,"column":30}},"21":{"start":{"line":134,"column":6},"end":{"line":136,"column":9}},"22":{"start":{"line":135,"column":8},"end":{"line":135,"column":49}},"23":{"start":{"line":140,"column":4},"end":{"line":140,"column":21}},"24":{"start":{"line":144,"column":0},"end":{"line":144,"column":70}},"25":{"start":{"line":144,"column":31},"end":{"line":144,"column":70}},"26":{"start":{"line":145,"column":24},"end":{"line":145,"column":100}},"27":{"start":{"line":146,"column":0},"end":{"line":146,"column":3429}},"28":{"start":{"line":146,"column":54},"end":{"line":146,"column":58}},"29":{"start":{"line":146,"column":66},"end":{"line":146,"column":84}},"30":{"start":{"line":146,"column":92},"end":{"line":146,"column":108}},"31":{"start":{"line":146,"column":109},"end":{"line":146,"column":3428}},"32":{"start":{"line":146,"column":1149},"end":{"line":146,"column":1175}},"33":{"start":{"line":146,"column":1294},"end":{"line":146,"column":1320}},"34":{"start":{"line":146,"column":1667},"end":{"line":146,"column":2626}},"35":{"start":{"line":146,"column":2564},"end":{"line":146,"column":2594}},"36":{"start":{"line":146,"column":2737},"end":{"line":146,"column":3414}},"37":{"start":{"line":146,"column":3193},"end":{"line":146,"column":3216}},"38":{"start":{"line":146,"column":3359},"end":{"line":146,"column":3387}},"39":{"start":{"line":147,"column":0},"end":{"line":147,"column":176}},"40":{"start":{"line":147,"column":64},"end":{"line":147,"column":68}},"41":{"start":{"line":147,"column":76},"end":{"line":147,"column":94}},"42":{"start":{"line":147,"column":102},"end":{"line":147,"column":118}},"43":{"start":{"line":147,"column":119},"end":{"line":147,"column":174}}},"fnMap":{"0":{"name":"(anonymous_0)","decl":{"start":{"line":1,"column":2},"end":{"line":1,"column":3}},"loc":{"start":{"line":1,"column":12},"end":{"line":143,"column":1}},"line":1},"1":{"name":"data","decl":{"start":{"line":83,"column":17},"end":{"line":83,"column":21}},"loc":{"start":{"line":83,"column":24},"end":{"line":94,"column":3}},"line":83},"2":{"name":"added_last","decl":{"start":{"line":97,"column":25},"end":{"line":97,"column":35}},"loc":{"start":{"line":97,"column":38},"end":{"line":101,"column":5}},"line":97},"3":{"name":"year_book","decl":{"start":{"line":102,"column":24},"end":{"line":102,"column":33}},"loc":{"start":{"line":102,"column":36},"end":{"line":104,"column":5}},"line":102},"4":{"name":"manageCoverBook","decl":{"start":{"line":105,"column":30},"end":{"line":105,"column":45}},"loc":{"start":{"line":105,"column":51},"end":{"line":113,"column":5}},"line":105},"5":{"name":"fetchData","decl":{"start":{"line":114,"column":24},"end":{"line":114,"column":33}},"loc":{"start":{"line":114,"column":36},"end":{"line":120,"column":5}},"line":114},"6":{"name":"(anonymous_6)","decl":{"start":{"line":117,"column":77},"end":{"line":117,"column":78}},"loc":{"start":{"line":117,"column":97},"end":{"line":119,"column":7}},"line":117},"7":{"name":"deleteBook","decl":{"start":{"line":121,"column":25},"end":{"line":121,"column":35}},"loc":{"start":{"line":121,"column":45},"end":{"line":129,"column":5}},"line":121},"8":{"name":"(anonymous_8)","decl":{"start":{"line":125,"column":70},"end":{"line":125,"column":71}},"loc":{"start":{"line":125,"column":90},"end":{"line":127,"column":7}},"line":125},"9":{"name":"triggerModal","decl":{"start":{"line":130,"column":27},"end":{"line":130,"column":39}},"loc":{"start":{"line":130,"column":49},"end":{"line":137,"column":5}},"line":130},"10":{"name":"(anonymous_10)","decl":{"start":{"line":134,"column":67},"end":{"line":134,"column":68}},"loc":{"start":{"line":134,"column":87},"end":{"line":136,"column":7}},"line":134},"11":{"name":"mounted","decl":{"start":{"line":139,"column":20},"end":{"line":139,"column":27}},"loc":{"start":{"line":139,"column":30},"end":{"line":141,"column":3}},"line":139},"12":{"name":"render","decl":{"start":{"line":146,"column":35},"end":{"line":146,"column":41}},"loc":{"start":{"line":146,"column":45},"end":{"line":146,"column":3429}},"line":146},"13":{"name":"(anonymous_13)","decl":{"start":{"line":146,"column":1131},"end":{"line":146,"column":1132}},"loc":{"start":{"line":146,"column":1147},"end":{"line":146,"column":1176}},"line":146},"14":{"name":"(anonymous_14)","decl":{"start":{"line":146,"column":1276},"end":{"line":146,"column":1277}},"loc":{"start":{"line":146,"column":1292},"end":{"line":146,"column":1322}},"line":146},"15":{"name":"(anonymous_15)","decl":{"start":{"line":146,"column":1652},"end":{"line":146,"column":1653}},"loc":{"start":{"line":146,"column":1666},"end":{"line":146,"column":2627}},"line":146},"16":{"name":"(anonymous_16)","decl":{"start":{"line":146,"column":2551},"end":{"line":146,"column":2552}},"loc":{"start":{"line":146,"column":2563},"end":{"line":146,"column":2595}},"line":146},"17":{"name":"(anonymous_17)","decl":{"start":{"line":146,"column":2722},"end":{"line":146,"column":2723}},"loc":{"start":{"line":146,"column":2736},"end":{"line":146,"column":3415}},"line":146},"18":{"name":"(anonymous_18)","decl":{"start":{"line":146,"column":3176},"end":{"line":146,"column":3177}},"loc":{"start":{"line":146,"column":3192},"end":{"line":146,"column":3217}},"line":146},"19":{"name":"(anonymous_19)","decl":{"start":{"line":146,"column":3346},"end":{"line":146,"column":3347}},"loc":{"start":{"line":146,"column":3358},"end":{"line":146,"column":3388}},"line":146},"20":{"name":"render","decl":{"start":{"line":147,"column":45},"end":{"line":147,"column":51}},"loc":{"start":{"line":147,"column":55},"end":{"line":147,"column":175}},"line":147}},"branchMap":{"0":{"loc":{"start":{"line":98,"column":6},"end":{"line":100,"column":7}},"type":"if","locations":[{"start":{"line":98,"column":6},"end":{"line":100,"column":7}},{"start":{"line":98,"column":6},"end":{"line":100,"column":7}}],"line":98},"1":{"loc":{"start":{"line":103,"column":6},"end":{"line":103,"column":35}},"type":"if","locations":[{"start":{"line":103,"column":6},"end":{"line":103,"column":35}},{"start":{"line":103,"column":6},"end":{"line":103,"column":35}}],"line":103},"2":{"loc":{"start":{"line":108,"column":6},"end":{"line":112,"column":7}},"type":"if","locations":[{"start":{"line":108,"column":6},"end":{"line":112,"column":7}},{"start":{"line":108,"column":6},"end":{"line":112,"column":7}}],"line":108},"3":{"loc":{"start":{"line":144,"column":0},"end":{"line":144,"column":70}},"type":"if","locations":[{"start":{"line":144,"column":0},"end":{"line":144,"column":70}},{"start":{"line":144,"column":0},"end":{"line":144,"column":70}}],"line":144},"4":{"loc":{"start":{"line":145,"column":24},"end":{"line":145,"column":100}},"type":"cond-expr","locations":[{"start":{"line":145,"column":62},"end":{"line":145,"column":84}},{"start":{"line":145,"column":86},"end":{"line":145,"column":100}}],"line":145},"5":{"loc":{"start":{"line":146,"column":92},"end":{"line":146,"column":108}},"type":"binary-expr","locations":[{"start":{"line":146,"column":92},"end":{"line":146,"column":104}},{"start":{"line":146,"column":106},"end":{"line":146,"column":108}}],"line":146},"6":{"loc":{"start":{"line":146,"column":440},"end":{"line":146,"column":502}},"type":"cond-expr","locations":[{"start":{"line":146,"column":464},"end":{"line":146,"column":482}},{"start":{"line":146,"column":485},"end":{"line":146,"column":502}}],"line":146},"7":{"loc":{"start":{"line":146,"column":1365},"end":{"line":146,"column":1546}},"type":"cond-expr","locations":[{"start":{"line":146,"column":1386},"end":{"line":146,"column":1537}},{"start":{"line":146,"column":1538},"end":{"line":146,"column":1546}}],"line":146},"8":{"loc":{"start":{"line":146,"column":1559},"end":{"line":146,"column":2638}},"type":"cond-expr","locations":[{"start":{"line":146,"column":1579},"end":{"line":146,"column":2629}},{"start":{"line":146,"column":2630},"end":{"line":146,"column":2638}}],"line":146},"9":{"loc":{"start":{"line":146,"column":2651},"end":{"line":146,"column":3426}},"type":"cond-expr","locations":[{"start":{"line":146,"column":2669},"end":{"line":146,"column":3417}},{"start":{"line":146,"column":3418},"end":{"line":146,"column":3426}}],"line":146},"10":{"loc":{"start":{"line":147,"column":102},"end":{"line":147,"column":118}},"type":"binary-expr","locations":[{"start":{"line":147,"column":102},"end":{"line":147,"column":114}},{"start":{"line":147,"column":116},"end":{"line":147,"column":118}}],"line":147}},"s":{"0":0,"1":0,"2":0,"3":0,"4":0,"5":0,"6":0,"7":0,"8":0,"9":0,"10":0,"11":0,"12":0,"13":0,"14":0,"15":0,"16":0,"17":0,"18":0,"19":0,"20":0,"21":0,"22":0,"23":0,"24":0,"25":0,"26":0,"27":0,"28":0,"29":0,"30":0,"31":0,"32":0,"33":0,"34":0,"35":0,"36":0,"37":0,"38":0,"39":0,"40":0,"41":0,"42":0,"43":0},"f":{"0":0,"1":0,"2":0,"3":0,"4":0,"5":0,"6":0,"7":0,"8":0,"9":0,"10":0,"11":0,"12":0,"13":0,"14":0,"15":0,"16":0,"17":0,"18":0,"19":0,"20":0},"b":{"0":[0,0],"1":[0,0],"2":[0,0],"3":[0,0],"4":[0,0],"5":[0,0],"6":[0,0],"7":[0,0],"8":[0,0],"9":[0,0],"10":[0,0]}}
,"/home/olivia/public_html/OffBookProject/src/components/Account/YourLists.vue": {"path":"/home/olivia/public_html/OffBookProject/src/components/Account/YourLists.vue","statementMap":{"0":{"start":{"line":1,"column":1},"end":{"line":131,"column":4}},"1":{"start":{"line":4,"column":0},"end":{"line":6,"column":3}},"2":{"start":{"line":77,"column":0},"end":{"line":130,"column":2}},"3":{"start":{"line":80,"column":4},"end":{"line":90,"column":6}},"4":{"start":{"line":95,"column":18},"end":{"line":95,"column":22}},"5":{"start":{"line":97,"column":6},"end":{"line":99,"column":9}},"6":{"start":{"line":98,"column":8},"end":{"line":98,"column":40}},"7":{"start":{"line":102,"column":19},"end":{"line":102,"column":23}},"8":{"start":{"line":104,"column":6},"end":{"line":106,"column":9}},"9":{"start":{"line":105,"column":8},"end":{"line":105,"column":37}},"10":{"start":{"line":109,"column":19},"end":{"line":109,"column":23}},"11":{"start":{"line":111,"column":6},"end":{"line":111,"column":31}},"12":{"start":{"line":112,"column":6},"end":{"line":114,"column":32}},"13":{"start":{"line":113,"column":8},"end":{"line":113,"column":39}},"14":{"start":{"line":118,"column":19},"end":{"line":118,"column":23}},"15":{"start":{"line":120,"column":6},"end":{"line":120,"column":30}},"16":{"start":{"line":121,"column":6},"end":{"line":123,"column":9}},"17":{"start":{"line":122,"column":8},"end":{"line":122,"column":49}},"18":{"start":{"line":127,"column":4},"end":{"line":127,"column":21}},"19":{"start":{"line":128,"column":4},"end":{"line":128,"column":25}},"20":{"start":{"line":132,"column":0},"end":{"line":132,"column":70}},"21":{"start":{"line":132,"column":31},"end":{"line":132,"column":70}},"22":{"start":{"line":133,"column":24},"end":{"line":133,"column":100}},"23":{"start":{"line":134,"column":0},"end":{"line":134,"column":2452}},"24":{"start":{"line":134,"column":54},"end":{"line":134,"column":58}},"25":{"start":{"line":134,"column":66},"end":{"line":134,"column":84}},"26":{"start":{"line":134,"column":92},"end":{"line":134,"column":108}},"27":{"start":{"line":134,"column":109},"end":{"line":134,"column":2451}},"28":{"start":{"line":134,"column":861},"end":{"line":134,"column":1645}},"29":{"start":{"line":134,"column":1166},"end":{"line":134,"column":1275}},"30":{"start":{"line":134,"column":1585},"end":{"line":134,"column":1615}},"31":{"start":{"line":134,"column":1756},"end":{"line":134,"column":2437}},"32":{"start":{"line":134,"column":2216},"end":{"line":134,"column":2239}},"33":{"start":{"line":134,"column":2382},"end":{"line":134,"column":2410}},"34":{"start":{"line":135,"column":0},"end":{"line":135,"column":999}},"35":{"start":{"line":135,"column":64},"end":{"line":135,"column":68}},"36":{"start":{"line":135,"column":76},"end":{"line":135,"column":94}},"37":{"start":{"line":135,"column":102},"end":{"line":135,"column":118}},"38":{"start":{"line":135,"column":119},"end":{"line":135,"column":172}},"39":{"start":{"line":135,"column":202},"end":{"line":135,"column":206}},"40":{"start":{"line":135,"column":214},"end":{"line":135,"column":232}},"41":{"start":{"line":135,"column":240},"end":{"line":135,"column":256}},"42":{"start":{"line":135,"column":257},"end":{"line":135,"column":997}}},"fnMap":{"0":{"name":"(anonymous_0)","decl":{"start":{"line":1,"column":2},"end":{"line":1,"column":3}},"loc":{"start":{"line":1,"column":12},"end":{"line":131,"column":1}},"line":1},"1":{"name":"data","decl":{"start":{"line":79,"column":17},"end":{"line":79,"column":21}},"loc":{"start":{"line":79,"column":24},"end":{"line":91,"column":3}},"line":79},"2":{"name":"fetchData","decl":{"start":{"line":94,"column":24},"end":{"line":94,"column":33}},"loc":{"start":{"line":94,"column":36},"end":{"line":100,"column":5}},"line":94},"3":{"name":"(anonymous_3)","decl":{"start":{"line":97,"column":77},"end":{"line":97,"column":78}},"loc":{"start":{"line":97,"column":97},"end":{"line":99,"column":7}},"line":97},"4":{"name":"fetchDataList","decl":{"start":{"line":101,"column":28},"end":{"line":101,"column":41}},"loc":{"start":{"line":101,"column":44},"end":{"line":107,"column":5}},"line":101},"5":{"name":"(anonymous_5)","decl":{"start":{"line":104,"column":78},"end":{"line":104,"column":79}},"loc":{"start":{"line":104,"column":98},"end":{"line":106,"column":7}},"line":104},"6":{"name":"deleteList","decl":{"start":{"line":108,"column":25},"end":{"line":108,"column":35}},"loc":{"start":{"line":108,"column":45},"end":{"line":116,"column":5}},"line":108},"7":{"name":"(anonymous_7)","decl":{"start":{"line":112,"column":71},"end":{"line":112,"column":72}},"loc":{"start":{"line":112,"column":91},"end":{"line":114,"column":7}},"line":112},"8":{"name":"triggerModal","decl":{"start":{"line":117,"column":27},"end":{"line":117,"column":39}},"loc":{"start":{"line":117,"column":49},"end":{"line":124,"column":5}},"line":117},"9":{"name":"(anonymous_9)","decl":{"start":{"line":121,"column":68},"end":{"line":121,"column":69}},"loc":{"start":{"line":121,"column":88},"end":{"line":123,"column":7}},"line":121},"10":{"name":"mounted","decl":{"start":{"line":126,"column":20},"end":{"line":126,"column":27}},"loc":{"start":{"line":126,"column":30},"end":{"line":129,"column":3}},"line":126},"11":{"name":"render","decl":{"start":{"line":134,"column":35},"end":{"line":134,"column":41}},"loc":{"start":{"line":134,"column":45},"end":{"line":134,"column":2452}},"line":134},"12":{"name":"(anonymous_12)","decl":{"start":{"line":134,"column":846},"end":{"line":134,"column":847}},"loc":{"start":{"line":134,"column":860},"end":{"line":134,"column":1646}},"line":134},"13":{"name":"(anonymous_13)","decl":{"start":{"line":134,"column":1148},"end":{"line":134,"column":1149}},"loc":{"start":{"line":134,"column":1165},"end":{"line":134,"column":1276}},"line":134},"14":{"name":"(anonymous_14)","decl":{"start":{"line":134,"column":1572},"end":{"line":134,"column":1573}},"loc":{"start":{"line":134,"column":1584},"end":{"line":134,"column":1616}},"line":134},"15":{"name":"(anonymous_15)","decl":{"start":{"line":134,"column":1741},"end":{"line":134,"column":1742}},"loc":{"start":{"line":134,"column":1755},"end":{"line":134,"column":2438}},"line":134},"16":{"name":"(anonymous_16)","decl":{"start":{"line":134,"column":2199},"end":{"line":134,"column":2200}},"loc":{"start":{"line":134,"column":2215},"end":{"line":134,"column":2240}},"line":134},"17":{"name":"(anonymous_17)","decl":{"start":{"line":134,"column":2369},"end":{"line":134,"column":2370}},"loc":{"start":{"line":134,"column":2381},"end":{"line":134,"column":2411}},"line":134},"18":{"name":"render","decl":{"start":{"line":135,"column":45},"end":{"line":135,"column":51}},"loc":{"start":{"line":135,"column":55},"end":{"line":135,"column":173}},"line":135},"19":{"name":"render","decl":{"start":{"line":135,"column":183},"end":{"line":135,"column":189}},"loc":{"start":{"line":135,"column":193},"end":{"line":135,"column":998}},"line":135}},"branchMap":{"0":{"loc":{"start":{"line":132,"column":0},"end":{"line":132,"column":70}},"type":"if","locations":[{"start":{"line":132,"column":0},"end":{"line":132,"column":70}},{"start":{"line":132,"column":0},"end":{"line":132,"column":70}}],"line":132},"1":{"loc":{"start":{"line":133,"column":24},"end":{"line":133,"column":100}},"type":"cond-expr","locations":[{"start":{"line":133,"column":62},"end":{"line":133,"column":84}},{"start":{"line":133,"column":86},"end":{"line":133,"column":100}}],"line":133},"2":{"loc":{"start":{"line":134,"column":92},"end":{"line":134,"column":108}},"type":"binary-expr","locations":[{"start":{"line":134,"column":92},"end":{"line":134,"column":104}},{"start":{"line":134,"column":106},"end":{"line":134,"column":108}}],"line":134},"3":{"loc":{"start":{"line":134,"column":432},"end":{"line":134,"column":494}},"type":"cond-expr","locations":[{"start":{"line":134,"column":456},"end":{"line":134,"column":474}},{"start":{"line":134,"column":477},"end":{"line":134,"column":494}}],"line":134},"4":{"loc":{"start":{"line":134,"column":587},"end":{"line":134,"column":765}},"type":"cond-expr","locations":[{"start":{"line":134,"column":608},"end":{"line":134,"column":756}},{"start":{"line":134,"column":757},"end":{"line":134,"column":765}}],"line":134},"5":{"loc":{"start":{"line":134,"column":778},"end":{"line":134,"column":1657}},"type":"cond-expr","locations":[{"start":{"line":134,"column":798},"end":{"line":134,"column":1648}},{"start":{"line":134,"column":1649},"end":{"line":134,"column":1657}}],"line":134},"6":{"loc":{"start":{"line":134,"column":1670},"end":{"line":134,"column":2449}},"type":"cond-expr","locations":[{"start":{"line":134,"column":1688},"end":{"line":134,"column":2440}},{"start":{"line":134,"column":2441},"end":{"line":134,"column":2449}}],"line":134},"7":{"loc":{"start":{"line":135,"column":102},"end":{"line":135,"column":118}},"type":"binary-expr","locations":[{"start":{"line":135,"column":102},"end":{"line":135,"column":114}},{"start":{"line":135,"column":116},"end":{"line":135,"column":118}}],"line":135},"8":{"loc":{"start":{"line":135,"column":240},"end":{"line":135,"column":256}},"type":"binary-expr","locations":[{"start":{"line":135,"column":240},"end":{"line":135,"column":252}},{"start":{"line":135,"column":254},"end":{"line":135,"column":256}}],"line":135}},"s":{"0":0,"1":0,"2":0,"3":0,"4":0,"5":0,"6":0,"7":0,"8":0,"9":0,"10":0,"11":0,"12":0,"13":0,"14":0,"15":0,"16":0,"17":0,"18":0,"19":0,"20":0,"21":0,"22":0,"23":0,"24":0,"25":0,"26":0,"27":0,"28":0,"29":0,"30":0,"31":0,"32":0,"33":0,"34":0,"35":0,"36":0,"37":0,"38":0,"39":0,"40":0,"41":0,"42":0},"f":{"0":0,"1":0,"2":0,"3":0,"4":0,"5":0,"6":0,"7":0,"8":0,"9":0,"10":0,"11":0,"12":0,"13":0,"14":0,"15":0,"16":0,"17":0,"18":0,"19":0},"b":{"0":[0,0],"1":[0,0],"2":[0,0],"3":[0,0],"4":[0,0],"5":[0,0],"6":[0,0],"7":[0,0],"8":[0,0]}}
,"/home/olivia/public_html/OffBookProject/src/components/Account/YourPersonalInformations.vue": {"path":"/home/olivia/public_html/OffBookProject/src/components/Account/YourPersonalInformations.vue","statementMap":{"0":{"start":{"line":1,"column":1},"end":{"line":172,"column":4}},"1":{"start":{"line":4,"column":0},"end":{"line":6,"column":3}},"2":{"start":{"line":8,"column":18},"end":{"line":8,"column":53}},"3":{"start":{"line":10,"column":0},"end":{"line":69,"column":2}},"4":{"start":{"line":13,"column":4},"end":{"line":20,"column":6}},"5":{"start":{"line":25,"column":18},"end":{"line":25,"column":22}},"6":{"start":{"line":27,"column":6},"end":{"line":27,"column":43}},"7":{"start":{"line":28,"column":19},"end":{"line":28,"column":31}},"8":{"start":{"line":29,"column":6},"end":{"line":31,"column":9}},"9":{"start":{"line":30,"column":8},"end":{"line":30,"column":36}},"10":{"start":{"line":34,"column":6},"end":{"line":34,"column":30}},"11":{"start":{"line":37,"column":19},"end":{"line":37,"column":23}},"12":{"start":{"line":39,"column":28},"end":{"line":41,"column":7}},"13":{"start":{"line":42,"column":6},"end":{"line":45,"column":9}},"14":{"start":{"line":44,"column":8},"end":{"line":44,"column":54}},"15":{"start":{"line":67,"column":4},"end":{"line":67,"column":21}},"16":{"start":{"line":173,"column":0},"end":{"line":173,"column":70}},"17":{"start":{"line":173,"column":31},"end":{"line":173,"column":70}},"18":{"start":{"line":174,"column":24},"end":{"line":174,"column":100}},"19":{"start":{"line":175,"column":0},"end":{"line":175,"column":4132}},"20":{"start":{"line":175,"column":54},"end":{"line":175,"column":58}},"21":{"start":{"line":175,"column":66},"end":{"line":175,"column":84}},"22":{"start":{"line":175,"column":92},"end":{"line":175,"column":108}},"23":{"start":{"line":175,"column":109},"end":{"line":175,"column":4131}},"24":{"start":{"line":175,"column":298},"end":{"line":175,"column":549}},"25":{"start":{"line":175,"column":842},"end":{"line":175,"column":4123}},"26":{"start":{"line":175,"column":1543},"end":{"line":175,"column":1570}},"27":{"start":{"line":175,"column":1597},"end":{"line":175,"column":1635}},"28":{"start":{"line":175,"column":1626},"end":{"line":175,"column":1633}},"29":{"start":{"line":175,"column":1635},"end":{"line":175,"column":1670}},"30":{"start":{"line":175,"column":2377},"end":{"line":175,"column":2401}},"31":{"start":{"line":175,"column":2428},"end":{"line":175,"column":2466}},"32":{"start":{"line":175,"column":2457},"end":{"line":175,"column":2464}},"33":{"start":{"line":175,"column":2466},"end":{"line":175,"column":2498}},"34":{"start":{"line":175,"column":3248},"end":{"line":175,"column":3279}},"35":{"start":{"line":175,"column":3306},"end":{"line":175,"column":3344}},"36":{"start":{"line":175,"column":3335},"end":{"line":175,"column":3342}},"37":{"start":{"line":175,"column":3344},"end":{"line":175,"column":3383}},"38":{"start":{"line":175,"column":3820},"end":{"line":175,"column":3852}},"39":{"start":{"line":175,"column":4064},"end":{"line":175,"column":4087}},"40":{"start":{"line":176,"column":0},"end":{"line":176,"column":899}},"41":{"start":{"line":176,"column":64},"end":{"line":176,"column":68}},"42":{"start":{"line":176,"column":76},"end":{"line":176,"column":94}},"43":{"start":{"line":176,"column":102},"end":{"line":176,"column":118}},"44":{"start":{"line":176,"column":119},"end":{"line":176,"column":249}},"45":{"start":{"line":176,"column":279},"end":{"line":176,"column":283}},"46":{"start":{"line":176,"column":291},"end":{"line":176,"column":309}},"47":{"start":{"line":176,"column":317},"end":{"line":176,"column":333}},"48":{"start":{"line":176,"column":334},"end":{"line":176,"column":437}},"49":{"start":{"line":176,"column":467},"end":{"line":176,"column":471}},"50":{"start":{"line":176,"column":479},"end":{"line":176,"column":497}},"51":{"start":{"line":176,"column":505},"end":{"line":176,"column":521}},"52":{"start":{"line":176,"column":522},"end":{"line":176,"column":897}}},"fnMap":{"0":{"name":"(anonymous_0)","decl":{"start":{"line":1,"column":2},"end":{"line":1,"column":3}},"loc":{"start":{"line":1,"column":12},"end":{"line":172,"column":1}},"line":1},"1":{"name":"data","decl":{"start":{"line":12,"column":17},"end":{"line":12,"column":21}},"loc":{"start":{"line":12,"column":24},"end":{"line":21,"column":3}},"line":12},"2":{"name":"fetchData","decl":{"start":{"line":24,"column":24},"end":{"line":24,"column":33}},"loc":{"start":{"line":24,"column":36},"end":{"line":32,"column":5}},"line":24},"3":{"name":"(anonymous_3)","decl":{"start":{"line":29,"column":66},"end":{"line":29,"column":67}},"loc":{"start":{"line":29,"column":86},"end":{"line":31,"column":7}},"line":29},"4":{"name":"triggerModal","decl":{"start":{"line":33,"column":27},"end":{"line":33,"column":39}},"loc":{"start":{"line":33,"column":42},"end":{"line":35,"column":5}},"line":33},"5":{"name":"onSubmit","decl":{"start":{"line":36,"column":23},"end":{"line":36,"column":31}},"loc":{"start":{"line":36,"column":34},"end":{"line":46,"column":5}},"line":36},"6":{"name":"(anonymous_6)","decl":{"start":{"line":42,"column":83},"end":{"line":42,"column":84}},"loc":{"start":{"line":42,"column":110},"end":{"line":45,"column":7}},"line":42},"7":{"name":"mounted","decl":{"start":{"line":65,"column":20},"end":{"line":65,"column":27}},"loc":{"start":{"line":65,"column":30},"end":{"line":68,"column":3}},"line":65},"8":{"name":"render","decl":{"start":{"line":175,"column":35},"end":{"line":175,"column":41}},"loc":{"start":{"line":175,"column":45},"end":{"line":175,"column":4132}},"line":175},"9":{"name":"(anonymous_9)","decl":{"start":{"line":175,"column":283},"end":{"line":175,"column":284}},"loc":{"start":{"line":175,"column":297},"end":{"line":175,"column":550}},"line":175},"10":{"name":"(anonymous_10)","decl":{"start":{"line":175,"column":827},"end":{"line":175,"column":828}},"loc":{"start":{"line":175,"column":841},"end":{"line":175,"column":4124}},"line":175},"11":{"name":"(anonymous_11)","decl":{"start":{"line":175,"column":1526},"end":{"line":175,"column":1527}},"l
[...]
,"/home/olivia/public_html/OffBookProject/src/server/Models/userModel.js": {"path":"/home/olivia/public_html/OffBookProject/src/server/Models/userModel.js","statementMap":{"0":{"start":{"line":2,"column":27},"end":{"line":2,"column":8}},"1":{"start":{"line":9,"column":4},"end":{"line":9,"column":3}},"2":{"start":{"line":13,"column":4},"end":{"line":13,"column":11}},"3":{"start":{"line":17,"column":4},"end":{"line":17,"column":11}},"4":{"start":{"line":21,"column":4},"end":{"line":21,"column":11}},"5":{"start":{"line":25,"column":4},"end":{"line":25,"column":11}},"6":{"start":{"line":29,"column":4},"end":{"line":29,"column":11}},"7":{"start":{"line":33,"column":4},"end":{"line":33,"column":11}},"8":{"start":{"line":37,"column":6},"end":{"line":37,"column":5}}},"fnMap":{"0":{"name":"(anonymous_0)","decl":{"start":{"line":37,"column":40},"end":{"line":37,"column":50}},"loc":{"start":{"line":37,"column":40},"end":{"line":37,"column":13}}}},"branchMap":{},"s":{"0":1,"1":1,"2":0,"3":0,"4":0,"5":0,"6":0,"7":1,"8":0},"f":{"0":0},"b":{}}
,"/home/olivia/public_html/OffBookProject/src/server/auth/authorization.js": {"path":"/home/olivia/public_html/OffBookProject/src/server/auth/authorization.js","statementMap":{"0":{"start":{"line":1,"column":13},"end":{"line":8,"column":2}},"1":{"start":{"line":3,"column":15},"end":{"line":3,"column":53}},"2":{"start":{"line":4,"column":16},"end":{"line":4,"column":44}},"3":{"start":{"line":5,"column":2},"end":{"line":7,"column":52}}},"fnMap":{"0":{"name":"(anonymous_0)","decl":{"start":{"line":1,"column":34},"end":{"line":1,"column":35}},"loc":{"start":{"line":1,"column":60},"end":{"line":8,"column":1}},"line":1}},"branchMap":{"0":{"loc":{"start":{"line":3,"column":15},"end":{"line":3,"column":53}},"type":"binary-expr","locations":[{"start":{"line":3,"column":15},"end":{"line":3,"column":33}},{"start":{"line":3,"column":37},"end":{"line":3,"column":53}}],"line":3},"1":{"loc":{"start":{"line":5,"column":9},"end":{"line":7,"column":51}},"type":"cond-expr","locations":[{"start":{"line":6,"column":2},"end":{"line":6,"column":8}},{"start":{"line":7,"column":2},"end":{"line":7,"column":51}}],"line":5}},"s":{"0":0,"1":0,"2":0,"3":0},"f":{"0":0},"b":{"0":[0,0],"1":[0,0]}}
,"/home/olivia/public_html/OffBookProject/src/server/auth/jwt.js": {"path":"/home/olivia/public_html/OffBookProject/src/server/auth/jwt.js","statementMap":{"0":{"start":{"line":1,"column":23},"end":{"line":1,"column":46}},"1":{"start":{"line":2,"column":12},"end":{"line":2,"column":42}},"2":{"start":{"line":3,"column":13},"end":{"line":3,"column":35}},"3":{"start":{"line":4,"column":15},"end":{"line":4,"column":69}},"4":{"start":{"line":5,"column":17},"end":{"line":5,"column":25}},"5":{"start":{"line":13,"column":0},"end":{"line":17,"column":2}},"6":{"start":{"line":14,"column":12},"end":{"line":14,"column":24}},"7":{"start":{"line":14,"column":36},"end":{"line":14,"column":49}},"8":{"start":{"line":15,"column":17},"end":{"line":15,"column":57}},"9":{"start":{"line":16,"column":2},"end":{"line":16,"column":62}},"10":{"start":{"line":24,"column":25},"end":{"line":30,"column":1}},"11":{"start":{"line":25,"column":2},"end":{"line":27,"column":3}},"12":{"start":{"line":26,"column":4},"end":{"line":26,"column":17}},"13":{"start":{"line":28,"column":16},"end":{"line":28,"column":54}},"14":{"start":{"line":29,"column":2},"end":{"line":29,"column":31}},"15":{"start":{"line":31,"column":0},"end":{"line":31,"column":48}},"16":{"start":{"line":39,"column":0},"end":{"line":68,"column":2}},"17":{"start":{"line":41,"column":14},"end":{"line":43,"column":47}},"18":{"start":{"line":45,"column":2},"end":{"line":47,"column":3}},"19":{"start":{"line":46,"column":4},"end":{"line":46,"column":46}},"20":{"start":{"line":49,"column":2},"end":{"line":66,"column":5}},"21":{"start":{"line":50,"column":4},"end":{"line":52,"column":5}},"22":{"start":{"line":51,"column":6},"end":{"line":51,"column":48}},"23":{"start":{"line":55,"column":4},"end":{"line":65,"column":73}},"24":{"start":{"line":58,"column":6},"end":{"line":60,"column":7}},"25":{"start":{"line":59,"column":8},"end":{"line":59,"column":50}},"26":{"start":{"line":62,"column":6},"end":{"line":62,"column":22}},"27":{"start":{"line":63,"column":6},"end":{"line":63,"column":13}},"28":{"start":{"line":65,"column":26},"end":{"line":65,"column":70}}},"fnMap":{"0":{"name":"(anonymous_0)","decl":{"start":{"line":13,"column":24},"end":{"line":13,"column":25}},"loc":{"start":{"line":13,"column":40},"end":{"line":17,"column":1}},"line":13},"1":{"name":"extractBearerToken","decl":{"start":{"line":24,"column":34},"end":{"line":24,"column":52}},"loc":{"start":{"line":24,"column":66},"end":{"line":30,"column":1}},"line":24},"2":{"name":"(anonymous_2)","decl":{"start":{"line":39,"column":31},"end":{"line":39,"column":32}},"loc":{"start":{"line":39,"column":57},"end":{"line":68,"column":1}},"line":39},"3":{"name":"(anonymous_3)","decl":{"start":{"line":49,"column":32},"end":{"line":49,"column":33}},"loc":{"start":{"line":49,"column":56},"end":{"line":66,"column":3}},"line":49},"4":{"name":"(anonymous_4)","decl":{"start":{"line":57,"column":9},"end":{"line":57,"column":10}},"loc":{"start":{"line":57,"column":25},"end":{"line":64,"column":5}},"line":57},"5":{"name":"(anonymous_5)","decl":{"start":{"line":65,"column":10},"end":{"line":65,"column":11}},"loc":{"start":{"line":65,"column":25},"end":{"line":65,"column":71}},"line":65}},"branchMap":{"0":{"loc":{"start":{"line":25,"column":2},"end":{"line":27,"column":3}},"type":"if","locations":[{"start":{"line":25,"column":2},"end":{"line":27,"column":3}},{"start":{"line":25,"column":2},"end":{"line":27,"column":3}}],"line":25},"1":{"loc":{"start":{"line":29,"column":9},"end":{"line":29,"column":30}},"type":"binary-expr","locations":[{"start":{"line":29,"column":9},"end":{"line":29,"column":16}},{"start":{"line":29,"column":20},"end":{"line":29,"column":30}}],"line":29},"2":{"loc":{"start":{"line":41,"column":14},"end":{"line":43,"column":47}},"type":"binary-expr","locations":[{"start":{"line":41,"column":14},"end":{"line":41,"column":25}},{"start":{"line":42,"column":2},"end":{"line":42,"column":27}},{"start":{"line":43,"column":2},"end":{"line":43,"column":47}}],"line":41},"3":{"loc":{"start":{"line":45,"column":2},"end":{"line":47,"column":3}},"type":"if","locations":[{"start":{"line":45,"column":2},"end":{"line":47,"column":3}},{"start":{"line":45,"column":2},"end":{"line":47,"column":3}}],"line":45},"4":{"loc":{"start":{"line":50,"column":4},"end":{"line":52,"column":5}},"type":"if","locations":[{"start":{"line":50,"column":4},"end":{"line":52,"column":5}},{"start":{"line":50,"column":4},"end":{"line":52,"column":5}}],"line":50},"5":{"loc":{"start":{"line":58,"column":6},"end":{"line":60,"column":7}},"type":"if","locations":[{"start":{"line":58,"column":6},"end":{"line":60,"column":7}},{"start":{"line":58,"column":6},"end":{"line":60,"column":7}}],"line":58}},"s":{"0":0,"1":0,"2":0,"3":0,"4":0,"5":0,"6":0,"7":0,"8":0,"9":0,"10":0,"11":0,"12":0,"13":0,"14":0,"15":0,"16":0,"17":0,"18":0,"19":0,"20":0,"21":0,"22":0,"23":0,"24":0,"25":0,"26":0,"27":0,"28":0},"f":{"0":0,"1":0,"2":0,"3":0,"4":0,"5":0},"b":{"0":[0,0],"1":[0,0],"2":[0,0,0],"3":[0,0],"4":[0,0],"5":[0,0]}}
,"/home/olivia/public_html/OffBookProject/src/server/auth/login.js": {"path":"/home/olivia/public_html/OffBookProject/src/server/auth/login.js","statementMap":{"0":{"start":{"line":1,"column":28},"end":{"line":1,"column":68}},"1":{"start":{"line":1,"column":85},"end":{"line":1,"column":117}},"2":{"start":{"line":1,"column":156},"end":{"line":1,"column":210}},"3":{"start":{"line":1,"column":226},"end":{"line":1,"column":245}},"4":{"start":{"line":1,"column":256},"end":{"line":1,"column":272}},"5":{"start":{"line":2,"column":11},"end":{"line":2,"column":41}},"6":{"start":{"line":6,"column":23},"end":{"line":21,"column":1}},"7":{"start":{"line":7,"column":2},"end":{"line":20,"column":64}},"8":{"start":{"line":9,"column":24},"end":{"line":9,"column":91}},"9":{"start":{"line":11,"column":4},"end":{"line":11,"column":22}},"10":{"start":{"line":12,"column":4},"end":{"line":12,"column":16}},"11":{"start":{"line":14,"column":24},"end":{"line":16,"column":109}},"12":{"start":{"line":16,"column":26},"end":{"line":16,"column":105}},"13":{"start":{"line":20,"column":24},"end":{"line":20,"column":61}},"14":{"start":{"line":23,"column":0},"end":{"line":23,"column":44}},"15":{"start":{"line":31,"column":0},"end":{"line":40,"column":2}},"16":{"start":{"line":33,"column":2},"end":{"line":33,"column":10}},"17":{"start":{"line":33,"column":22},"end":{"line":33,"column":40}},"18":{"start":{"line":33,"column":52},"end":{"line":33,"column":70}},"19":{"start":{"line":34,"column":2},"end":{"line":39,"column":60}},"20":{"start":{"line":36,"column":4},"end":{"line":36,"column":20}},"21":{"start":{"line":37,"column":4},"end":{"line":37,"column":11}},"22":{"start":{"line":39,"column":24},"end":{"line":39,"column":57}}},"fnMap":{"0":{"name":"_interopRequireDefault","decl":{"start":{"line":1,"column":127},"end":{"line":1,"column":149}},"loc":{"start":{"line":1,"column":155},"end":{"line":1,"column":211}},"line":1},"1":{"name":"checkCredentials","decl":{"start":{"line":6,"column":32},"end":{"line":6,"column":48}},"loc":{"start":{"line":6,"column":69},"end":{"line":21,"column":1}},"line":6},"2":{"name":"(anonymous_2)","decl":{"start":{"line":9,"column":7},"end":{"line":9,"column":8}},"loc":{"start":{"line":9,"column":23},"end":{"line":9,"column":92}},"line":9},"3":{"name":"(anonymous_3)","decl":{"start":{"line":10,"column":7},"end":{"line":10,"column":8}},"loc":{"start":{"line":10,"column":23},"end":{"line":13,"column":3}},"line":10},"4":{"name":"(anonymous_4)","decl":{"start":{"line":14,"column":7},"end":{"line":14,"column":8}},"loc":{"start":{"line":14,"column":23},"end":{"line":16,"column":110}},"line":14},"5":{"name":"(anonymous_5)","decl":{"start":{"line":16,"column":6},"end":{"line":16,"column":7}},"loc":{"start":{"line":16,"column":25},"end":{"line":16,"column":106}},"line":16},"6":{"name":"(anonymous_6)","decl":{"start":{"line":20,"column":8},"end":{"line":20,"column":9}},"loc":{"start":{"line":20,"column":23},"end":{"line":20,"column":62}},"line":20},"7":{"name":"(anonymous_7)","decl":{"start":{"line":31,"column":37},"end":{"line":31,"column":38}},"loc":{"start":{"line":31,"column":63},"end":{"line":40,"column":1}},"line":31},"8":{"name":"(anonymous_8)","decl":{"start":{"line":35,"column":7},"end":{"line":35,"column":8}},"loc":{"start":{"line":35,"column":23},"end":{"line":38,"column":3}},"line":35},"9":{"name":"(anonymous_9)","decl":{"start":{"line":39,"column":8},"end":{"line":39,"column":9}},"loc":{"start":{"line":39,"column":23},"end":{"line":39,"column":58}},"line":39}},"branchMap":{"0":{"loc":{"start":{"line":1,"column":163},"end":{"line":1,"column":209}},"type":"cond-expr","locations":[{"start":{"line":1,"column":187},"end":{"line":1,"column":190}},{"start":{"line":1,"column":193},"end":{"line":1,"column":209}}],"line":1},"1":{"loc":{"start":{"line":1,"column":163},"end":{"line":1,"column":184}},"type":"binary-expr","locations":[{"start":{"line":1,"column":163},"end":{"line":1,"column":166}},{"start":{"line":1,"column":170},"end":{"line":1,"column":184}}],"line":1},"2":{"loc":{"start":{"line":9,"column":31},"end":{"line":9,"column":90}},"type":"binary-expr","locations":[{"start":{"line":9,"column":31},"end":{"line":9,"column":35}},{"start":{"line":9,"column":39},"end":{"line":9,"column":90}}],"line":9},"3":{"loc":{"start":{"line":16,"column":33},"end":{"line":16,"column":104}},"type":"cond-expr","locations":[{"start":{"line":16,"column":43},"end":{"line":16,"column":50}},{"start":{"line":16,"column":53},"end":{"line":16,"column":104}}],"line":16}},"s":{"0":0,"1":0,"2":0,"3":0,"4":0,"5":0,"6":0,"7":0,"8":0,"9":0,"10":0,"11":0,"12":0,"13":0,"14":0,"15":0,"16":0,"17":0,"18":0,"19":0,"20":0,"21":0,"22":0},"f":{"0":0,"1":0,"2":0,"3":0,"4":0,"5":0,"6":0,"7":0,"8":0,"9":0},"b":{"0":[0,0],"1":[0,0],"2":[0,0],"3":[0,0]}}
,"/home/olivia/public_html/OffBookProject/src/server/auth/pwd.js": {"path":"/home/olivia/public_html/OffBookProject/src/server/auth/pwd.js","statementMap":{"0":{"start":{"line":27,"column":6},"end":{"line":27,"column":14}},"1":{"start":{"line":31,"column":0},"end":{"line":31,"column":-1}},"2":{"start":{"line":33,"column":2},"end":{"line":33,"column":11}},"3":{"start":{"line":35,"column":2},"end":{"line":35,"column":1}},"4":{"start":{"line":37,"column":4},"end":{"line":null,"column":-1}},"5":{"start":{"line":39,"column":6},"end":{"line":39,"column":5}},"6":{"start":{"line":40,"column":8},"end":{"line":40,"column":7}},"7":{"start":{"line":43,"column":6},"end":{"line":null,"column":-1}},"8":{"start":{"line":44,"column":8},"end":{"line":44,"column":15}},"9":{"start":{"line":50,"column":0},"end":{"line":50,"column":-1}},"10":{"start":{"line":51,"column":2},"end":{"line":51,"column":1}},"11":{"start":{"line":52,"column":4},"end":{"line":null,"column":-1}},"12":{"start":{"line":53,"column":6},"end":{"line":53,"column":5}},"13":{"start":{"line":54,"column":8},"end":{"line":54,"column":7}},"14":{"start":{"line":57,"column":6},"end":{"line":52,"column":59}}},"fnMap":{"0":{"name":"(anonymous_0)","decl":{"start":{"line":31,"column":17},"end":{"line":31,"column":23}},"loc":{"start":{"line":31,"column":17},"end":{"line":31,"column":0}}},"1":{"name":"(anonymous_1)","decl":{"start":{"line":35,"column":9},"end":{"line":35,"column":21}},"loc":{"start":{"line":35,"column":9},"end":{"line":35,"column":8}}},"2":{"name":"(anonymous_2)","decl":{"start":{"line":37,"column":23},"end":{"line":37,"column":23}},"loc":{"start":{"line":37,"column":29},"end":{"line":37,"column":4}}},"3":{"name":"(anonymous_3)","decl":{"start":{"line":43,"column":36},"end":{"line":43,"column":36}},"loc":{"start":{"line":43,"column":44},"end":{"line":43,"column":6}}},"4":{"name":"(anonymous_4)","decl":{"start":{"line":50,"column":18},"end":{"line":50,"column":18}},"loc":{"start":{"line":50,"column":32},"end":{"line":50,"column":0}}},"5":{"name":"(anonymous_5)","decl":{"start":{"line":51,"column":9},"end":{"line":51,"column":21}},"loc":{"start":{"line":51,"column":9},"end":{"line":51,"column":8}}},"6":{"name":"(anonymous_6)","decl":{"start":{"line":52,"column":43},"end":{"line":52,"column":43}},"loc":{"start":{"line":52,"column":49},"end":{"line":52,"column":4}}}},"branchMap":{"0":{"loc":{"start":{"line":33,"column":2},"end":{"line":33,"column":11}},"type":"if","locations":[{"start":{"line":33,"column":2},"end":{"line":33,"column":11}},{"start":{"line":33,"column":2},"end":{"line":33,"column":11}}]},"1":{"loc":{"start":{"line":39,"column":6},"end":{"line":39,"column":5}},"type":"if","locations":[{"start":{"line":39,"column":6},"end":{"line":39,"column":5}},{"start":{"line":39,"column":6},"end":{"line":39,"column":5}}]},"2":{"loc":{"start":{"line":44,"column":15},"end":{"line":44,"column":22}},"type":"cond-expr","locations":[{"start":{"line":44,"column":15},"end":{"line":44,"column":22}},{"start":{"line":44,"column":15},"end":{"line":44,"column":22}}]},"3":{"loc":{"start":{"line":53,"column":6},"end":{"line":53,"column":5}},"type":"if","locations":[{"start":{"line":53,"column":6},"end":{"line":53,"column":5}},{"start":{"line":53,"column":6},"end":{"line":53,"column":5}}]}},"s":{"0":2,"1":2,"2":5,"3":3,"4":3,"5":3,"6":0,"7":3,"8":3,"9":2,"10":2,"11":2,"12":2,"13":0,"14":2},"f":{"0":4,"1":3,"2":3,"3":3,"4":2,"5":2,"6":2},"b":{"0":[1,3],"1":[0,3],"2":[0,3],"3":[0,2]}}
,"/home/olivia/public_html/OffBookProject/src/server/auth/register.js": {"path":"/home/olivia/public_html/OffBookProject/src/server/auth/register.js","statementMap":{"0":{"start":{"line":1,"column":24},"end":{"line":1,"column":54}},"1":{"start":{"line":36,"column":0},"end":{"line":59,"column":2}},"2":{"start":{"line":38,"column":2},"end":{"line":38,"column":10}},"3":{"start":{"line":38,"column":22},"end":{"line":38,"column":40}},"4":{"start":{"line":38,"column":54},"end":{"line":38,"column":74}},"5":{"start":{"line":38,"column":91},"end":{"line":38,"column":114}},"6":{"start":{"line":38,"column":135},"end":{"line":38,"column":162}},"7":{"start":{"line":40,"column":2},"end":{"line":51,"column":5}},"8":{"start":{"line":42,"column":4},"end":{"line":42,"column":30}},"9":{"start":{"line":44,"column":4},"end":{"line":45,"column":32}},"10":{"start":{"line":49,"column":4},"end":{"line":49,"column":20}},"11":{"start":{"line":50,"column":4},"end":{"line":50,"column":11}}},"fnMap":{"0":{"name":"(anonymous_0)","decl":{"start":{"line":36,"column":40},"end":{"line":36,"column":41}},"loc":{"start":{"line":36,"column":66},"end":{"line":59,"column":1}},"line":36},"1":{"name":"(anonymous_1)","decl":{"start":{"line":41,"column":7},"end":{"line":41,"column":8}},"loc":{"start":{"line":41,"column":19},"end":{"line":46,"column":3}},"line":41},"2":{"name":"(anonymous_2)","decl":{"start":{"line":47,"column":7},"end":{"line":47,"column":8}},"loc":{"start":{"line":47,"column":23},"end":{"line":51,"column":3}},"line":47}},"branchMap":{},"s":{"0":0,"1":0,"2":0,"3":0,"4":0,"5":0,"6":0,"7":0,"8":0,"9":0,"10":0,"11":0},"f":{"0":0,"1":0,"2":0},"b":{}}
,"/home/olivia/public_html/OffBookProject/src/server/utils/restructureDataListWithBooks.js": {"path":"/home/olivia/public_html/OffBookProject/src/server/utils/restructureDataListWithBooks.js","statementMap":{"0":{"start":{"line":2,"column":35},"end":{"line":41,"column":1}},"1":{"start":{"line":7,"column":2},"end":{"line":40,"column":9}},"2":{"start":{"line":9,"column":24},"end":{"line":9,"column":89}},"3":{"start":{"line":9,"column":50},"end":{"line":9,"column":87}},"4":{"start":{"line":10,"column":4},"end":{"line":37,"column":5}},"5":{"start":{"line":12,"column":6},"end":{"line":18,"column":53}},"6":{"start":{"line":22,"column":6},"end":{"line":34,"column":58}},"7":{"start":{"line":38,"column":4},"end":{"line":38,"column":15}},"8":{"start":{"line":43,"column":0},"end":{"line":44,"column":63}}},"fnMap":{"0":{"name":"restructureDataListWithBooks","decl":{"start":{"line":2,"column":44},"end":{"line":2,"column":72}},"loc":{"start":{"line":2,"column":81},"end":{"line":41,"column":1}},"line":2},"1":{"name":"(anonymous_1)","decl":{"start":{"line":7,"column":31},"end":{"line":7,"column":32}},"loc":{"start":{"line":7,"column":52},"end":{"line":40,"column":3}},"line":7},"2":{"name":"(anonymous_2)","decl":{"start":{"line":9,"column":33},"end":{"line":9,"column":34}},"loc":{"start":{"line":9,"column":49},"end":{"line":9,"column":88}},"line":9}},"branchMap":{"0":{"loc":{"start":{"line":10,"column":4},"end":{"line":37,"column":5}},"type":"if","locations":[{"start":{"line":10,"column":4},"end":{"line":37,"column":5}},{"start":{"line":10,"column":4},"end":{"line":37,"column":5}}],"line":10}},"s":{"0":0,"1":0,"2":0,"3":0,"4":0,"5":0,"6":0,"7":0,"8":0},"f":{"0":0,"1":0,"2":0},"b":{"0":[0,0]}}
}
