TN:
SF:/home/olivia/public_html/OffBookProject/src/App.vue
FN:1,(anonymous_0)
FN:16,_interopRequireDefault
FN:33,data
FN:38,created
FN:46,render
FN:46,(anonymous_5)
FN:46,(anonymous_6)
FNF:7
FNH:0
FNDA:0,(anonymous_0)
FNDA:0,_interopRequireDefault
FNDA:0,data
FNDA:0,created
FNDA:0,render
FNDA:0,(anonymous_5)
FNDA:0,(anonymous_6)
DA:1,0
DA:4,0
DA:8,0
DA:10,0
DA:12,0
DA:14,0
DA:16,0
DA:27,0
DA:34,0
DA:39,0
DA:40,0
DA:44,0
DA:45,0
DA:46,0
DA:47,0
LF:15
LH:0
BRDA:16,0,0,0
BRDA:16,0,1,0
BRDA:16,1,0,0
BRDA:16,1,1,0
BRDA:44,2,0,0
BRDA:44,2,1,0
BRDA:45,3,0,0
BRDA:45,3,1,0
BRDA:46,4,0,0
BRDA:46,4,1,0
BRF:10
BRH:0
end_of_record
TN:
SF:/home/olivia/public_html/OffBookProject/src/axios-auth.js
FN:1,_interopRequireDefault
FNF:1
FNH:0
FNDA:0,_interopRequireDefault
DA:1,0
DA:3,0
DA:8,0
LF:3
LH:0
BRDA:1,0,0,0
BRDA:1,0,1,0
BRDA:1,1,0,0
BRDA:1,1,1,0
BRF:4
BRH:0
end_of_record
TN:
SF:/home/olivia/public_html/OffBookProject/src/store.js
FN:8,_interopRequireDefault
FN:20,authUser
FN:25,storeUser
FN:28,clearAuthData
FN:41,register
FN:49,(anonymous_5)
FN:69,(anonymous_6)
FN:71,login
FN:77,(anonymous_8)
FN:98,(anonymous_9)
FN:101,tryAutoLogin
FN:120,logout
FN:129,storeUser
FN:134,(anonymous_13)
FN:135,(anonymous_14)
FN:137,fetchUser
FN:144,(anonymous_16)
FN:149,(anonymous_17)
FN:153,user
FN:156,isAuthenticated
FNF:20
FNH:0
FNDA:0,_interopRequireDefault
FNDA:0,authUser
FNDA:0,storeUser
FNDA:0,clearAuthData
FNDA:0,register
FNDA:0,(anonymous_5)
FNDA:0,(anonymous_6)
FNDA:0,login
FNDA:0,(anonymous_8)
FNDA:0,(anonymous_9)
FNDA:0,tryAutoLogin
FNDA:0,logout
FNDA:0,storeUser
FNDA:0,(anonymous_13)
FNDA:0,(anonymous_14)
FNDA:0,fetchUser
FNDA:0,(anonymous_16)
FNDA:0,(anonymous_17)
FNDA:0,user
FNDA:0,isAuthenticated
DA:1,0
DA:2,0
DA:3,0
DA:4,0
DA:7,0
DA:8,0
DA:10,0
DA:21,0
DA:22,0
DA:23,0
DA:26,0
DA:29,0
DA:30,0
DA:31,0
DA:41,0
DA:42,0
DA:50,0
DA:51,0
DA:58,0
DA:59,0
DA:60,0
DA:61,0
DA:63,0
DA:64,0
DA:65,0
DA:66,0
DA:69,0
DA:71,0
DA:72,0
DA:78,0
DA:81,0
DA:82,0
DA:83,0
DA:84,0
DA:87,0
DA:92,0
DA:93,0
DA:96,0
DA:98,0
DA:101,0
DA:102,0
DA:103,0
DA:104,0
DA:111,0
DA:112,0
DA:113,0
DA:118,0
DA:120,0
DA:121,0
DA:123,0
DA:124,0
DA:125,0
DA:126,0
DA:127,0
DA:129,0
DA:130,0
DA:131,0
DA:133,0
DA:134,0
DA:135,0
DA:137,0
DA:139,0
DA:140,0
DA:141,0
DA:143,0
DA:145,0
DA:146,0
DA:147,0
DA:149,0
DA:154,0
DA:157,0
LF:71
LH:0
BRDA:8,0,0,0
BRDA:8,0,1,0
BRDA:8,1,0,0
BRDA:8,1,1,0
BRDA:103,2,0,0
BRDA:103,2,1,0
BRDA:130,3,0,0
BRDA:130,3,1,0
BRDA:139,4,0,0
BRDA:139,4,1,0
BRF:10
BRH:0
end_of_record
TN:
SF:/home/olivia/public_html/OffBookProject/src/components/AboutUs.vue
FN:1,(anonymous_0)
FN:28,render
FN:29,render
FNF:3
FNH:0
FNDA:0,(anonymous_0)
FNDA:0,render
FNDA:0,render
DA:1,0
DA:4,0
DA:24,0
DA:26,0
DA:27,0
DA:28,0
DA:29,0
LF:7
LH:0
BRDA:26,0,0,0
BRDA:26,0,1,0
BRDA:27,1,0,0
BRDA:27,1,1,0
BRDA:28,2,0,0
BRDA:28,2,1,0
BRDA:29,3,0,0
BRDA:29,3,1,0
BRF:8
BRH:0
end_of_record
TN:
SF:/home/olivia/public_html/OffBookProject/src/components/Footer.vue
FN:1,(anonymous_0)
FN:22,render
FN:23,render
FNF:3
FNH:0
FNDA:0,(anonymous_0)
FNDA:0,render
FNDA:0,render
DA:1,0
DA:4,0
DA:18,0
DA:20,0
DA:21,0
DA:22,0
DA:23,0
LF:7
LH:0
BRDA:20,0,0,0
BRDA:20,0,1,0
BRDA:21,1,0,0
BRDA:21,1,1,0
BRDA:22,2,0,0
BRDA:22,2,1,0
BRDA:23,3,0,0
BRDA:23,3,1,0
BRF:8
BRH:0
end_of_record
TN:
SF:/home/olivia/public_html/OffBookProject/src/components/Home.vue
FN:1,(anonymous_0)
FN:20,_interopRequireDefault
FN:39,render
FNF:3
FNH:0
FNDA:0,(anonymous_0)
FNDA:0,_interopRequireDefault
FNDA:0,render
DA:1,0
DA:4,0
DA:8,0
DA:10,0
DA:12,0
DA:14,0
DA:16,0
DA:18,0
DA:20,0
DA:22,0
DA:37,0
DA:38,0
DA:39,0
DA:40,0
LF:14
LH:0
BRDA:20,0,0,0
BRDA:20,0,1,0
BRDA:20,1,0,0
BRDA:20,1,1,0
BRDA:37,2,0,0
BRDA:37,2,1,0
BRDA:38,3,0,0
BRDA:38,3,1,0
BRDA:39,4,0,0
BRDA:39,4,1,0
BRF:10
BRH:0
end_of_record
TN:
SF:/home/olivia/public_html/OffBookProject/src/components/ListOfBooks.vue
FN:1,(anonymous_0)
FN:28,data
FN:38,fetchAllLists
FN:41,(anonymous_3)
FN:47,mounted
FN:54,render
FN:54,(anonymous_6)
FN:55,render
FNF:8
FNH:0
FNDA:0,(anonymous_0)
FNDA:0,data
FNDA:0,fetchAllLists
FNDA:0,(anonymous_3)
FNDA:0,mounted
FNDA:0,render
FNDA:0,(anonymous_6)
FNDA:0,render
DA:1,0
DA:4,0
DA:27,0
DA:29,0
DA:39,0
DA:41,0
DA:42,0
DA:43,0
DA:48,0
DA:52,0
DA:53,0
DA:54,0
DA:55,0
LF:13
LH:0
BRDA:52,0,0,0
BRDA:52,0,1,0
BRDA:53,1,0,0
BRDA:53,1,1,0
BRDA:54,2,0,0
BRDA:54,2,1,0
BRDA:55,3,0,0
BRDA:55,3,1,0
BRF:8
BRH:0
end_of_record
TN:
SF:/home/olivia/public_html/OffBookProject/src/components/NavBar.vue
FN:67,data
FN:73,auth
FN:76,getUserId
FN:91,onLogout
FN:97,beforeMount
FNF:5
FNH:3
FNDA:1,data
FNDA:1,auth
FNDA:0,getUserId
FNDA:0,onLogout
FNDA:1,beforeMount
DA:68,1
DA:74,1
DA:77,0
DA:79,0
DA:81,0
DA:92,0
DA:93,0
DA:98,1
LF:8
LH:3
BRDA:77,0,0,0
BRDA:77,0,1,0
BRDA:77,1,0,0
BRDA:77,1,1,0
BRF:4
BRH:0
end_of_record
TN:
SF:/home/olivia/public_html/OffBookProject/src/components/Account/Account.vue
FN:1,(anonymous_0)
FN:28,_interopRequireDefault
FN:205,data
FN:228,manageCoverBook
FN:237,fetchData
FN:240,(anonymous_5)
FN:245,fetchDataWish
FN:248,(anonymous_7)
FN:252,fetchDataList
FN:255,(anonymous_9)
FN:259,deleteBook
FN:263,(anonymous_11)
FN:265,(anonymous_12)
FN:270,deleteWishBook
FN:274,(anonymous_14)
FN:276,(anonymous_15)
FN:282,triggerModal
FN:287,(anonymous_17)
FN:292,triggerModalWishBook
FN:296,(anonymous_19)
FN:300,addToLibrary
FN:305,(anonymous_21)
FN:307,(anonymous_22)
FN:309,(anonymous_23)
FN:311,(anonymous_24)
FN:317,mounted
FN:322,created
FN:330,render
FN:330,(anonymous_28)
FN:330,(anonymous_29)
FN:330,(anonymous_30)
FN:330,(anonymous_31)
FN:330,(anonymous_32)
FN:330,(anonymous_33)
FN:330,(anonymous_34)
FN:330,(anonymous_35)
FN:330,(anonymous_36)
FN:330,(anonymous_37)
FN:330,(anonymous_38)
FN:330,(anonymous_39)
FN:330,(anonymous_40)
FNF:41
FNH:0
FNDA:0,(anonymous_0)
FNDA:0,_interopRequireDefault
FNDA:0,data
FNDA:0,manageCoverBook
FNDA:0,fetchData
FNDA:0,(anonymous_5)
FNDA:0,fetchDataWish
FNDA:0,(anonymous_7)
FNDA:0,fetchDataList
FNDA:0,(anonymous_9)
FNDA:0,deleteBook
FNDA:0,(anonymous_11)
FNDA:0,(anonymous_12)
FNDA:0,deleteWishBook
FNDA:0,(anonymous_14)
FNDA:0,(anonymous_15)
FNDA:0,triggerModal
FNDA:0,(anonymous_17)
FNDA:0,triggerModalWishBook
FNDA:0,(anonymous_19)
FNDA:0,addToLibrary
FNDA:0,(anonymous_21)
FNDA:0,(anonymous_22)
FNDA:0,(anonymous_23)
FNDA:0,(anonymous_24)
FNDA:0,mounted
FNDA:0,created
FNDA:0,render
FNDA:0,(anonymous_28)
FNDA:0,(anonymous_29)
FNDA:0,(anonymous_30)
FNDA:0,(anonymous_31)
FNDA:0,(anonymous_32)
FNDA:0,(anonymous_33)
FNDA:0,(anonymous_34)
FNDA:0,(anonymous_35)
FNDA:0,(anonymous_36)
FNDA:0,(anonymous_37)
FNDA:0,(anonymous_38)
FNDA:0,(anonymous_39)
FNDA:0,(anonymous_40)
DA:1,0
DA:4,0
DA:8,0
DA:10,0
DA:12,0
DA:14,0
DA:16,0
DA:18,0
DA:20,0
DA:22,0
DA:24,0
DA:26,0
DA:28,0
DA:197,0
DA:206,0
DA:229,0
DA:230,0
DA:231,0
DA:232,0
DA:234,0
DA:238,0
DA:240,0
DA:241,0
DA:242,0
DA:246,0
DA:248,0
DA:249,0
DA:253,0
DA:255,0
DA:256,0
DA:260,0
DA:262,0
DA:263,0
DA:264,0
DA:266,0
DA:271,0
DA:273,0
DA:274,0
DA:275,0
DA:277,0
DA:278,0
DA:283,0
DA:285,0
DA:286,0
DA:287,0
DA:288,0
DA:289,0
DA:293,0
DA:295,0
DA:296,0
DA:297,0
DA:301,0
DA:303,0
DA:304,0
DA:305,0
DA:306,0
DA:308,0
DA:310,0
DA:312,0
DA:313,0
DA:318,0
DA:319,0
DA:320,0
DA:323,0
DA:324,0
DA:328,0
DA:329,0
DA:330,0
DA:331,0
LF:69
LH:0
BRDA:28,0,0,0
BRDA:28,0,1,0
BRDA:28,1,0,0
BRDA:28,1,1,0
BRDA:231,2,0,0
BRDA:231,2,1,0
BRDA:328,3,0,0
BRDA:328,3,1,0
BRDA:329,4,0,0
BRDA:329,4,1,0
BRDA:330,5,0,0
BRDA:330,5,1,0
BRDA:330,6,0,0
BRDA:330,6,1,0
BRDA:330,7,0,0
BRDA:330,7,1,0
BRDA:330,8,0,0
BRDA:330,8,1,0
BRDA:330,9,0,0
BRDA:330,9,1,0
BRDA:330,10,0,0
BRDA:330,10,1,0
BRDA:330,11,0,0
BRDA:330,11,1,0
BRDA:330,12,0,0
BRDA:330,12,1,0
BRDA:330,13,0,0
BRDA:330,13,1,0
BRDA:330,14,0,0
BRDA:330,14,1,0
BRDA:330,15,0,0
BRDA:330,15,1,0
BRDA:330,16,0,0
BRDA:330,16,1,0
BRDA:330,17,0,0
BRDA:330,17,1,0
BRDA:330,18,0,0
BRDA:330,18,1,0
BRDA:330,19,0,0
BRDA:330,19,1,0
BRF:40
BRH:0
end_of_record
TN:
SF:/home/olivia/public_html/OffBookProject/src/components/Account/YourLibrary.vue
FN:1,(anonymous_0)
FN:83,data
FN:97,added_last
FN:102,year_book
FN:105,manageCoverBook
FN:114,fetchData
FN:117,(anonymous_6)
FN:121,deleteBook
FN:125,(anonymous_8)
FN:130,triggerModal
FN:134,(anonymous_10)
FN:139,mounted
FN:146,render
FN:146,(anonymous_13)
FN:146,(anonymous_14)
FN:146,(anonymous_15)
FN:146,(anonymous_16)
FN:146,(anonymous_17)
FN:146,(anonymous_18)
FN:146,(anonymous_19)
FN:147,render
FNF:21
FNH:0
FNDA:0,(anonymous_0)
FNDA:0,data
FNDA:0,added_last
FNDA:0,year_book
FNDA:0,manageCoverBook
FNDA:0,fetchData
FNDA:0,(anonymous_6)
FNDA:0,deleteBook
FNDA:0,(anonymous_8)
FNDA:0,triggerModal
FNDA:0,(anonymous_10)
FNDA:0,mounted
FNDA:0,render
FNDA:0,(anonymous_13)
FNDA:0,(anonymous_14)
FNDA:0,(anonymous_15)
FNDA:0,(anonymous_16)
FNDA:0,(anonymous_17)
FNDA:0,(anonymous_18)
FNDA:0,(anonymous_19)
FNDA:0,render
DA:1,0
DA:4,0
DA:77,0
DA:84,0
DA:98,0
DA:99,0
DA:103,0
DA:106,0
DA:107,0
DA:108,0
DA:109,0
DA:111,0
DA:115,0
DA:117,0
DA:118,0
DA:122,0
DA:124,0
DA:125,0
DA:126,0
DA:131,0
DA:133,0
DA:134,0
DA:135,0
DA:140,0
DA:144,0
DA:145,0
DA:146,0
DA:147,0
LF:28
LH:0
BRDA:98,0,0,0
BRDA:98,0,1,0
BRDA:103,1,0,0
BRDA:103,1,1,0
BRDA:108,2,0,0
BRDA:108,2,1,0
BRDA:144,3,0,0
BRDA:144,3,1,0
BRDA:145,4,0,0
BRDA:145,4,1,0
BRDA:146,5,0,0
BRDA:146,5,1,0
BRDA:146,6,0,0
BRDA:146,6,1,0
BRDA:146,7,0,0
BRDA:146,7,1,0
BRDA:146,8,0,0
BRDA:146,8,1,0
BRDA:146,9,0,0
BRDA:146,9,1,0
BRDA:147,10,0,0
BRDA:147,10,1,0
BRF:22
BRH:0
end_of_record
TN:
SF:/home/olivia/public_html/OffBookProject/src/components/Account/YourLists.vue
FN:1,(anonymous_0)
FN:79,data
FN:94,fetchData
FN:97,(anonymous_3)
FN:101,fetchDataList
FN:104,(anonymous_5)
FN:108,deleteList
FN:112,(anonymous_7)
FN:117,triggerModal
FN:121,(anonymous_9)
FN:126,mounted
FN:134,render
FN:134,(anonymous_12)
FN:134,(anonymous_13)
FN:134,(anonymous_14)
FN:134,(anonymous_15)
FN:134,(anonymous_16)
FN:134,(anonymous_17)
FN:135,render
FN:135,render
FNF:20
FNH:0
FNDA:0,(anonymous_0)
FNDA:0,data
FNDA:0,fetchData
FNDA:0,(anonymous_3)
FNDA:0,fetchDataList
FNDA:0,(anonymous_5)
FNDA:0,deleteList
FNDA:0,(anonymous_7)
FNDA:0,triggerModal
FNDA:0,(anonymous_9)
FNDA:0,mounted
FNDA:0,render
FNDA:0,(anonymous_12)
FNDA:0,(anonymous_13)
FNDA:0,(anonymous_14)
FNDA:0,(anonymous_15)
FNDA:0,(anonymous_16)
FNDA:0,(anonymous_17)
FNDA:0,render
FNDA:0,render
DA:1,0
DA:4,0
DA:77,0
DA:80,0
DA:95,0
DA:97,0
DA:98,0
DA:102,0
DA:104,0
DA:105,0
DA:109,0
DA:111,0
DA:112,0
DA:113,0
DA:118,0
DA:120,0
DA:121,0
DA:122,0
DA:127,0
DA:128,0
DA:132,0
DA:133,0
DA:134,0
DA:135,0
LF:24
LH:0
BRDA:132,0,0,0
BRDA:132,0,1,0
BRDA:133,1,0,0
BRDA:133,1,1,0
BRDA:134,2,0,0
BRDA:134,2,1,0
BRDA:134,3,0,0
BRDA:134,3,1,0
BRDA:134,4,0,0
BRDA:134,4,1,0
BRDA:134,5,0,0
BRDA:134,5,1,0
BRDA:134,6,0,0
BRDA:134,6,1,0
BRDA:135,7,0,0
BRDA:135,7,1,0
BRDA:135,8,0,0
BRDA:135,8,1,0
BRF:18
BRH:0
end_of_record
TN:
SF:/home/olivia/public_html/OffBookProject/src/components/Account/YourPersonalInformations.vue
FN:1,(anonymous_0)
FN:12,data
FN:24,fetchData
FN:29,(anonymous_3)
FN:33,triggerModal
FN:36,onSubmit
FN:42,(anonymous_6)
FN:65,mounted
FN:175,render
FN:175,(anonymous_9)
FN:175,(anonymous_10)
FN:175,(anonymous_11)
FN:175,(anonymous_12)
FN:175,(anonymous_13)
FN:175,(anonymous_14)
FN:175,(anonymous_15)
FN:175,(anonymous_16)
FN:175,(anonymous_17)
FN:175,(anonymous_18)
FN:176,render
FN:176,render
FN:176,render
FNF:22
FNH:0
FNDA:0,(anonymous_0)
FNDA:0,data
FNDA:0,fetchData
FNDA:0,(anonymous_3)
FNDA:0,triggerModal
FNDA:0,onSubmit
FNDA:0,(anonymous_6)
FNDA:0,mounted
FNDA:0,render
FNDA:0,(anonymous_9)
FNDA:0,(anonymous_10)
FNDA:0,(anonymous_11)
FNDA:0,(anonymous_12)
FNDA:0,(anonymous_13)
FNDA:0,(anonymous_14)
FNDA:0,(anonymous_15)
FNDA:0,(anonymous_16)
FNDA:0,(anonymous_17)
FNDA:0,(anonymous_18)
FNDA:0,render
FNDA:0,render
FNDA:0,render
DA:1,0
DA:4,0
DA:8,0
DA:10,0
DA:13,0
DA:25,0
DA:27,0
DA:28,0
DA:29,0
DA:30,0
DA:34,0
DA:37,0
DA:39,0
DA:42,0
DA:44,0
DA:67,0
DA:173,0
DA:174,0
DA:175,0
DA:176,0
LF:20
LH:0
BRDA:40,0,0,0
BRDA:40,0,1,0
BRDA:173,1,0,0
BRDA:173,1,1,0
BRDA:174,2,0,0
BRDA:174,2,1,0
BRDA:175,3,0,0
BRDA:175,3,1,0
BRDA:175,4,0,0
BRDA:175,4,1,0
BRDA:175,5,0,0
BRDA:175,5,1,0
BRDA:175,6,0,0
BRDA:175,6,1,0
BRDA:175,7,0,0
BRDA:175,7,1,0
BRDA:175,8,0,0
BRDA:175,8,1,0
BRDA:175,9,0,0
BRDA:175,9,1,0
BRDA:175,10,0,0
BRDA:175,10,1,0
BRDA:175,11,0,0
BRDA:175,11,1,0
BRDA:175,12,0,0
BRDA:175,12,1,0
BRDA:175,13,0,0
BRDA:175,13,1,0
BRDA:176,14,0,0
BRDA:176,14,1,0
BRDA:176,15,0,0
BRDA:176,15,1,0
BRDA:176,16,0,0
BRDA:176,16,1,0
BRF:34
BRH:0
end_of_record
TN:
SF:/home/olivia/public_html/OffBookProject/src/components/Account/YourWishList.vue
FN:1,(anonymous_0)
FN:98,data
FN:112,added_last
FN:115,manageCoverBook
FN:124,fetchData
FN:127,(anonymous_5)
FN:131,deleteBook
FN:135,(anonymous_7)
FN:140,triggerModal
FN:144,(anonymous_9)
FN:148,addToLibrary
FN:153,(anonymous_11)
FN:155,(anonymous_12)
FN:157,(anonymous_13)
FN:163,mounted
FN:170,render
FN:170,(anonymous_16)
FN:170,(anonymous_17)
FN:170,(anonymous_18)
FN:170,(anonymous_19)
FN:170,(anonymous_20)
FN:170,(anonymous_21)
FN:170,(anonymous_22)
FN:170,(anonymous_23)
FN:170,(anonymous_24)
FN:171,render
FNF:26
FNH:0
FNDA:0,(anonymous_0)
FNDA:0,data
FNDA:0,added_last
FNDA:0,manageCoverBook
FNDA:0,fetchData
FNDA:0,(anonymous_5)
FNDA:0,deleteBook
FNDA:0,(anonymous_7)
FNDA:0,triggerModal
FNDA:0,(anonymous_9)
FNDA:0,addToLibrary
FNDA:0,(anonymous_11)
FNDA:0,(anonymous_12)
FNDA:0,(anonymous_13)
FNDA:0,mounted
FNDA:0,render
FNDA:0,(anonymous_16)
FNDA:0,(anonymous_17)
FNDA:0,(anonymous_18)
FNDA:0,(anonymous_19)
FNDA:0,(anonymous_20)
FNDA:0,(anonymous_21)
FNDA:0,(anonymous_22)
FNDA:0,(anonymous_23)
FNDA:0,(anonymous_24)
FNDA:0,render
DA:1,0
DA:4,0
DA:92,0
DA:99,0
DA:113,0
DA:116,0
DA:117,0
DA:118,0
DA:119,0
DA:121,0
DA:125,0
DA:127,0
DA:128,0
DA:132,0
DA:134,0
DA:135,0
DA:136,0
DA:141,0
DA:143,0
DA:144,0
DA:145,0
DA:149,0
DA:151,0
DA:152,0
DA:153,0
DA:154,0
DA:156,0
DA:158,0
DA:159,0
DA:164,0
DA:168,0
DA:169,0
DA:170,0
DA:171,0
LF:34
LH:0
BRDA:118,0,0,0
BRDA:118,0,1,0
BRDA:168,1,0,0
BRDA:168,1,1,0
BRDA:169,2,0,0
BRDA:169,2,1,0
BRDA:170,3,0,0
BRDA:170,3,1,0
BRDA:170,4,0,0
BRDA:170,4,1,0
BRDA:170,5,0,0
BRDA:170,5,1,0
BRDA:170,6,0,0
BRDA:170,6,1,0
BRDA:170,7,0,0
BRDA:170,7,1,0
BRDA:171,8,0,0
BRDA:171,8,1,0
BRF:18
BRH:0
end_of_record
TN:
SF:/home/olivia/public_html/OffBookProject/src/components/Connexion/LogIn.vue
FN:1,(anonymous_0)
FN:12,data
FN:30,onSubmit
FN:125,render
FN:125,(anonymous_4)
FN:125,(anonymous_5)
FN:125,(anonymous_6)
FNF:7
FNH:0
FNDA:0,(anonymous_0)
FNDA:0,data
FNDA:0,onSubmit
FNDA:0,render
FNDA:0,(anonymous_4)
FNDA:0,(anonymous_5)
FNDA:0,(anonymous_6)
DA:1,0
DA:4,0
DA:8,0
DA:10,0
DA:13,0
DA:31,0
DA:35,0
DA:37,0
DA:123,0
DA:124,0
DA:125,0
DA:126,0
LF:12
LH:0
BRDA:123,0,0,0
BRDA:123,0,1,0
BRDA:124,1,0,0
BRDA:124,1,1,0
BRDA:125,2,0,0
BRDA:125,2,1,0
BRDA:125,3,0,0
BRDA:125,3,1,0
BRDA:125,4,0,0
BRDA:125,4,1,0
BRDA:125,5,0,0
BRDA:125,5,1,0
BRDA:125,6,0,0
BRDA:125,6,1,0
BRDA:125,7,0,0
BRDA:125,7,1,0
BRDA:125,8,0,0
BRDA:125,8,1,0
BRF:18
BRH:0
end_of_record
TN:
SF:/home/olivia/public_html/OffBookProject/src/components/Connexion/Register.vue
FN:1,(anonymous_0)
FN:18,_interopRequireDefault
FN:93,data
FN:106,unique
FN:108,(anonymous_4)
FN:121,unique
FN:123,(anonymous_6)
FN:141,onSubmit
FN:162,render
FN:162,(anonymous_9)
FN:162,(anonymous_10)
FN:162,(anonymous_11)
FN:162,(anonymous_12)
FN:162,(anonymous_13)
FN:162,(anonymous_14)
FN:162,(anonymous_15)
FN:162,(anonymous_16)
FN:162,(anonymous_17)
FNF:18
FNH:0
FNDA:0,(anonymous_0)
FNDA:0,_interopRequireDefault
FNDA:0,data
FNDA:0,unique
FNDA:0,(anonymous_4)
FNDA:0,unique
FNDA:0,(anonymous_6)
FNDA:0,onSubmit
FNDA:0,render
FNDA:0,(anonymous_9)
FNDA:0,(anonymous_10)
FNDA:0,(anonymous_11)
FNDA:0,(anonymous_12)
FNDA:0,(anonymous_13)
FNDA:0,(anonymous_14)
FNDA:0,(anonymous_15)
FNDA:0,(anonymous_16)
FNDA:0,(anonymous_17)
DA:1,0
DA:4,0
DA:8,0
DA:10,0
DA:12,0
DA:14,0
DA:16,0
DA:18,0
DA:91,0
DA:92,0
DA:94,0
DA:107,0
DA:108,0
DA:109,0
DA:111,0
DA:122,0
DA:123,0
DA:124,0
DA:142,0
DA:149,0
DA:155,0
DA:160,0
DA:161,0
DA:162,0
DA:163,0
LF:25
LH:0
BRDA:18,0,0,0
BRDA:18,0,1,0
BRDA:18,1,0,0
BRDA:18,1,1,0
BRDA:107,2,0,0
BRDA:107,2,1,0
BRDA:122,3,0,0
BRDA:122,3,1,0
BRDA:160,4,0,0
BRDA:160,4,1,0
BRDA:161,5,0,0
BRDA:161,5,1,0
BRDA:162,6,0,0
BRDA:162,6,1,0
BRDA:162,7,0,0
BRDA:162,7,1,0
BRDA:162,8,0,0
BRDA:162,8,1,0
BRDA:162,9,0,0
BRDA:162,9,1,0
BRDA:162,10,0,0
BRDA:162,10,1,0
BRDA:162,11,0,0
BRDA:162,11,1,0
BRDA:162,12,0,0
BRDA:162,12,1,0
BRDA:162,13,0,0
BRDA:162,13,1,0
BRDA:162,14,0,0
BRDA:162,14,1,0
BRDA:162,15,0,0
BRDA:162,15,1,0
BRDA:162,16,0,0
BRDA:162,16,1,0
BRDA:162,17,0,0
BRDA:162,17,1,0
BRDA:162,18,0,0
BRDA:162,18,1,0
BRDA:162,19,0,0
BRDA:162,19,1,0
BRDA:162,20,0,0
BRDA:162,20,1,0
BRDA:162,21,0,0
BRDA:162,21,1,0
BRF:44
BRH:0
end_of_record
TN:
SF:/home/olivia/public_html/OffBookProject/src/components/Home/Container1.vue
FN:1,(anonymous_0)
FN:21,render
FN:22,render
FNF:3
FNH:0
FNDA:0,(anonymous_0)
FNDA:0,render
FNDA:0,render
DA:1,0
DA:4,0
DA:17,0
DA:19,0
DA:20,0
DA:21,0
DA:22,0
LF:7
LH:0
BRDA:19,0,0,0
BRDA:19,0,1,0
BRDA:20,1,0,0
BRDA:20,1,1,0
BRDA:21,2,0,0
BRDA:21,2,1,0
BRDA:22,3,0,0
BRDA:22,3,1,0
BRF:8
BRH:0
end_of_record
TN:
SF:/home/olivia/public_html/OffBookProject/src/components/Home/Container2.vue
FN:1,(anonymous_0)
FN:31,render
FN:32,render
FNF:3
FNH:0
FNDA:0,(anonymous_0)
FNDA:0,render
FNDA:0,render
DA:1,0
DA:4,0
DA:27,0
DA:29,0
DA:30,0
DA:31,0
DA:32,0
LF:7
LH:0
BRDA:29,0,0,0
BRDA:29,0,1,0
BRDA:30,1,0,0
BRDA:30,1,1,0
BRDA:31,2,0,0
BRDA:31,2,1,0
BRDA:32,3,0,0
BRDA:32,3,1,0
BRF:8
BRH:0
end_of_record
TN:
SF:/home/olivia/public_html/OffBookProject/src/components/Home/Container3.vue
FN:1,(anonymous_0)
FN:32,render
FN:33,render
FNF:3
FNH:0
FNDA:0,(anonymous_0)
FNDA:0,render
FNDA:0,render
DA:1,0
DA:4,0
DA:28,0
DA:30,0
DA:31,0
DA:32,0
DA:33,0
LF:7
LH:0
BRDA:30,0,0,0
BRDA:30,0,1,0
BRDA:31,1,0,0
BRDA:31,1,1,0
BRDA:32,2,0,0
BRDA:32,2,1,0
BRDA:33,3,0,0
BRDA:33,3,1,0
BRF:8
BRH:0
end_of_record
TN:
SF:/home/olivia/public_html/OffBookProject/src/components/Library/AddBook.vue
FN:1,(anonymous_0)
FN:12,_interopRequireDefault
FN:17,data
FN:34,onFileChanged
FN:44,(anonymous_4)
FN:55,onSubmit
FN:69,(anonymous_6)
FN:72,(anonymous_7)
FN:78,(anonymous_8)
FN:80,(anonymous_9)
FN:91,(anonymous_10)
FN:95,(anonymous_11)
FN:187,render
FN:187,(anonymous_13)
FN:187,(anonymous_14)
FN:187,(anonymous_15)
FN:187,(anonymous_16)
FN:187,(anonymous_17)
FN:188,render
FNF:19
FNH:0
FNDA:0,(anonymous_0)
FNDA:0,_interopRequireDefault
FNDA:0,data
FNDA:0,onFileChanged
FNDA:0,(anonymous_4)
FNDA:0,onSubmit
FNDA:0,(anonymous_6)
FNDA:0,(anonymous_7)
FNDA:0,(anonymous_8)
FNDA:0,(anonymous_9)
FNDA:0,(anonymous_10)
FNDA:0,(anonymous_11)
FNDA:0,render
FNDA:0,(anonymous_13)
FNDA:0,(anonymous_14)
FNDA:0,(anonymous_15)
FNDA:0,(anonymous_16)
FNDA:0,(anonymous_17)
FNDA:0,render
DA:1,0
DA:4,0
DA:8,0
DA:10,0
DA:12,0
DA:15,0
DA:18,0
DA:35,0
DA:38,0
DA:40,0
DA:42,0
DA:44,0
DA:47,0
DA:50,0
DA:51,0
DA:52,0
DA:56,0
DA:58,0
DA:59,0
DA:67,0
DA:68,0
DA:69,0
DA:71,0
DA:73,0
DA:76,0
DA:77,0
DA:78,0
DA:79,0
DA:81,0
DA:89,0
DA:90,0
DA:91,0
DA:93,0
DA:96,0
DA:185,0
DA:186,0
DA:187,0
DA:188,0
LF:38
LH:0
BRDA:12,0,0,0
BRDA:12,0,1,0
BRDA:12,1,0,0
BRDA:12,1,1,0
BRDA:40,2,0,0
BRDA:40,2,1,0
BRDA:40,3,0,0
BRDA:40,3,1,0
BRDA:58,4,0,0
BRDA:58,4,1,0
BRDA:185,5,0,0
BRDA:185,5,1,0
BRDA:186,6,0,0
BRDA:186,6,1,0
BRDA:187,7,0,0
BRDA:187,7,1,0
BRDA:187,8,0,0
BRDA:187,8,1,0
BRDA:187,9,0,0
BRDA:187,9,1,0
BRDA:187,10,0,0
BRDA:187,10,1,0
BRDA:187,11,0,0
BRDA:187,11,1,0
BRDA:187,12,0,0
BRDA:187,12,1,0
BRDA:187,13,0,0
BRDA:187,13,1,0
BRDA:187,14,0,0
BRDA:187,14,1,0
BRDA:187,15,0,0
BRDA:187,15,1,0
BRDA:187,16,0,0
BRDA:187,16,1,0
BRDA:188,17,0,0
BRDA:188,17,1,0
BRF:36
BRH:0
end_of_record
TN:
SF:/home/olivia/public_html/OffBookProject/src/components/Library/DeleteBook.vue
FN:1,(anonymous_0)
FNF:1
FNH:0
FNDA:0,(anonymous_0)
DA:1,0
DA:4,0
DA:5,0
LF:3
LH:0
BRDA:4,0,0,0
BRDA:4,0,1,0
BRDA:5,1,0,0
BRDA:5,1,1,0
BRF:4
BRH:0
end_of_record
TN:
SF:/home/olivia/public_html/OffBookProject/src/components/Library/UpdateBook.vue
FN:1,(anonymous_0)
FN:12,_interopRequireDefault
FN:88,data
FN:103,getBooks
FN:107,(anonymous_4)
FN:114,onFileChanged
FN:124,(anonymous_6)
FN:135,manageCoverBook
FN:144,onSubmit
FN:158,(anonymous_9)
FN:161,(anonymous_10)
FN:168,(anonymous_11)
FN:171,(anonymous_12)
FN:180,(anonymous_13)
FN:184,(anonymous_14)
FN:190,mounted
FN:197,render
FN:197,(anonymous_17)
FN:197,(anonymous_18)
FN:197,(anonymous_19)
FN:197,(anonymous_20)
FN:197,(anonymous_21)
FN:197,(anonymous_22)
FN:197,(anonymous_23)
FN:198,render
FNF:25
FNH:0
FNDA:0,(anonymous_0)
FNDA:0,_interopRequireDefault
FNDA:0,data
FNDA:0,getBooks
FNDA:0,(anonymous_4)
FNDA:0,onFileChanged
FNDA:0,(anonymous_6)
FNDA:0,manageCoverBook
FNDA:0,onSubmit
FNDA:0,(anonymous_9)
FNDA:0,(anonymous_10)
FNDA:0,(anonymous_11)
FNDA:0,(anonymous_12)
FNDA:0,(anonymous_13)
FNDA:0,(anonymous_14)
FNDA:0,mounted
FNDA:0,render
FNDA:0,(anonymous_17)
FNDA:0,(anonymous_18)
FNDA:0,(anonymous_19)
FNDA:0,(anonymous_20)
FNDA:0,(anonymous_21)
FNDA:0,(anonymous_22)
FNDA:0,(anonymous_23)
FNDA:0,render
DA:1,0
DA:4,0
DA:8,0
DA:10,0
DA:12,0
DA:14,0
DA:86,0
DA:89,0
DA:104,0
DA:106,0
DA:107,0
DA:110,0
DA:115,0
DA:118,0
DA:120,0
DA:122,0
DA:124,0
DA:127,0
DA:130,0
DA:131,0
DA:132,0
DA:136,0
DA:137,0
DA:138,0
DA:139,0
DA:141,0
DA:145,0
DA:147,0
DA:149,0
DA:150,0
DA:157,0
DA:158,0
DA:160,0
DA:162,0
DA:165,0
DA:166,0
DA:167,0
DA:168,0
DA:169,0
DA:170,0
DA:172,0
DA:179,0
DA:180,0
DA:182,0
DA:185,0
DA:191,0
DA:195,0
DA:196,0
DA:197,0
DA:198,0
LF:50
LH:0
BRDA:12,0,0,0
BRDA:12,0,1,0
BRDA:12,1,0,0
BRDA:12,1,1,0
BRDA:120,2,0,0
BRDA:120,2,1,0
BRDA:120,3,0,0
BRDA:120,3,1,0
BRDA:138,4,0,0
BRDA:138,4,1,0
BRDA:149,5,0,0
BRDA:149,5,1,0
BRDA:151,6,0,0
BRDA:151,6,1,0
BRDA:152,7,0,0
BRDA:152,7,1,0
BRDA:153,8,0,0
BRDA:153,8,1,0
BRDA:154,9,0,0
BRDA:154,9,1,0
BRDA:155,10,0,0
BRDA:155,10,1,0
BRDA:173,11,0,0
BRDA:173,11,1,0
BRDA:174,12,0,0
BRDA:174,12,1,0
BRDA:175,13,0,0
BRDA:175,13,1,0
BRDA:176,14,0,0
BRDA:176,14,1,0
BRDA:177,15,0,0
BRDA:177,15,1,0
BRDA:195,16,0,0
BRDA:195,16,1,0
BRDA:196,17,0,0
BRDA:196,17,1,0
BRDA:197,18,0,0
BRDA:197,18,1,0
BRDA:197,19,0,0
BRDA:197,19,1,0
BRDA:198,20,0,0
BRDA:198,20,1,0
BRF:42
BRH:0
end_of_record
TN:
SF:/home/olivia/public_html/OffBookProject/src/components/ListOfBooks/ListDetails.vue
FN:1,(anonymous_0)
FN:12,_interopRequireDefault
FN:39,data
FN:48,manageCoverBook
FN:65,fetchList
FN:68,(anonymous_5)
FN:74,mounted
FN:82,render
FN:82,(anonymous_8)
FN:82,(anonymous_9)
FNF:10
FNH:0
FNDA:0,(anonymous_0)
FNDA:0,_interopRequireDefault
FNDA:0,data
FNDA:0,manageCoverBook
FNDA:0,fetchList
FNDA:0,(anonymous_5)
FNDA:0,mounted
FNDA:0,render
FNDA:0,(anonymous_8)
FNDA:0,(anonymous_9)
DA:1,0
DA:4,0
DA:8,0
DA:10,0
DA:12,0
DA:38,0
DA:40,0
DA:49,0
DA:50,0
DA:51,0
DA:52,0
DA:54,0
DA:66,0
DA:68,0
DA:69,0
DA:70,0
DA:76,0
DA:80,0
DA:81,0
DA:82,0
DA:83,0
LF:21
LH:0
BRDA:12,0,0,0
BRDA:12,0,1,0
BRDA:12,1,0,0
BRDA:12,1,1,0
BRDA:51,2,0,0
BRDA:51,2,1,0
BRDA:80,3,0,0
BRDA:80,3,1,0
BRDA:81,4,0,0
BRDA:81,4,1,0
BRDA:82,5,0,0
BRDA:82,5,1,0
BRF:12
BRH:0
end_of_record
TN:
SF:/home/olivia/public_html/OffBookProject/src/components/Lists/AddList.vue
FN:1,(anonymous_0)
FN:16,_interopRequireDefault
FN:102,data
FN:122,manageCoverBook
FN:131,fetchData
FN:134,(anonymous_5)
FN:138,getUsername
FN:141,(anonymous_7)
FN:145,onSubmit
FN:149,(anonymous_9)
FN:160,(anonymous_10)
FN:164,(anonymous_11)
FN:172,(anonymous_12)
FN:180,onMove
FN:190,dragOptions
FN:200,isDragging
FN:207,(anonymous_16)
FN:212,mounted
FN:216,updated
FN:223,render
FN:223,(anonymous_20)
FN:223,(anonymous_21)
FN:223,(anonymous_22)
FN:223,(anonymous_23)
FN:223,(anonymous_24)
FN:223,(anonymous_25)
FN:223,(anonymous_26)
FN:223,(anonymous_27)
FN:223,(anonymous_28)
FN:224,render
FNF:30
FNH:0
FNDA:0,(anonymous_0)
FNDA:0,_interopRequireDefault
FNDA:0,data
FNDA:0,manageCoverBook
FNDA:0,fetchData
FNDA:0,(anonymous_5)
FNDA:0,getUsername
FNDA:0,(anonymous_7)
FNDA:0,onSubmit
FNDA:0,(anonymous_9)
FNDA:0,(anonymous_10)
FNDA:0,(anonymous_11)
FNDA:0,(anonymous_12)
FNDA:0,onMove
FNDA:0,dragOptions
FNDA:0,isDragging
FNDA:0,(anonymous_16)
FNDA:0,mounted
FNDA:0,updated
FNDA:0,render
FNDA:0,(anonymous_20)
FNDA:0,(anonymous_21)
FNDA:0,(anonymous_22)
FNDA:0,(anonymous_23)
FNDA:0,(anonymous_24)
FNDA:0,(anonymous_25)
FNDA:0,(anonymous_26)
FNDA:0,(anonymous_27)
FNDA:0,(anonymous_28)
FNDA:0,render
DA:1,0
DA:4,0
DA:8,0
DA:10,0
DA:12,0
DA:14,0
DA:16,0
DA:97,0
DA:103,0
DA:123,0
DA:124,0
DA:125,0
DA:126,0
DA:128,0
DA:132,0
DA:134,0
DA:135,0
DA:139,0
DA:141,0
DA:142,0
DA:146,0
DA:148,0
DA:149,0
DA:150,0
DA:152,0
DA:158,0
DA:159,0
DA:160,0
DA:163,0
DA:165,0
DA:166,0
DA:170,0
DA:173,0
DA:181,0
DA:182,0
DA:184,0
DA:185,0
DA:186,0
DA:191,0
DA:201,0
DA:203,0
DA:204,0
DA:205,0
DA:207,0
DA:208,0
DA:213,0
DA:214,0
DA:217,0
DA:221,0
DA:222,0
DA:223,0
DA:224,0
LF:52
LH:0
BRDA:16,0,0,0
BRDA:16,0,1,0
BRDA:16,1,0,0
BRDA:16,1,1,0
BRDA:125,2,0,0
BRDA:125,2,1,0
BRDA:186,3,0,0
BRDA:186,3,1,0
BRDA:186,3,2,0
BRDA:203,4,0,0
BRDA:203,4,1,0
BRDA:221,5,0,0
BRDA:221,5,1,0
BRDA:222,6,0,0
BRDA:222,6,1,0
BRDA:223,7,0,0
BRDA:223,7,1,0
BRDA:223,8,0,0
BRDA:223,8,1,0
BRDA:223,9,0,0
BRDA:223,9,1,0
BRDA:224,10,0,0
BRDA:224,10,1,0
BRF:23
BRH:0
end_of_record
TN:
SF:/home/olivia/public_html/OffBookProject/src/components/Lists/UpdateList.vue
FN:1,(anonymous_0)
FN:12,_interopRequireDefault
FN:134,data
FN:147,getBooks
FN:151,(anonymous_4)
FN:156,onSubmit
FN:167,(anonymous_6)
FN:174,mounted
FN:181,render
FN:181,(anonymous_9)
FN:181,(anonymous_10)
FN:181,(anonymous_11)
FN:181,(anonymous_12)
FN:181,(anonymous_13)
FN:181,(anonymous_14)
FN:181,(anonymous_15)
FN:182,render
FNF:17
FNH:0
FNDA:0,(anonymous_0)
FNDA:0,_interopRequireDefault
FNDA:0,data
FNDA:0,getBooks
FNDA:0,(anonymous_4)
FNDA:0,onSubmit
FNDA:0,(anonymous_6)
FNDA:0,mounted
FNDA:0,render
FNDA:0,(anonymous_9)
FNDA:0,(anonymous_10)
FNDA:0,(anonymous_11)
FNDA:0,(anonymous_12)
FNDA:0,(anonymous_13)
FNDA:0,(anonymous_14)
FNDA:0,(anonymous_15)
FNDA:0,render
DA:1,0
DA:4,0
DA:8,0
DA:10,0
DA:12,0
DA:14,0
DA:132,0
DA:135,0
DA:148,0
DA:150,0
DA:151,0
DA:153,0
DA:157,0
DA:159,0
DA:160,0
DA:167,0
DA:169,0
DA:171,0
DA:175,0
DA:179,0
DA:180,0
DA:181,0
DA:182,0
LF:23
LH:0
BRDA:12,0,0,0
BRDA:12,0,1,0
BRDA:12,1,0,0
BRDA:12,1,1,0
BRDA:161,2,0,0
BRDA:161,2,1,0
BRDA:162,3,0,0
BRDA:162,3,1,0
BRDA:163,4,0,0
BRDA:163,4,1,0
BRDA:164,5,0,0
BRDA:164,5,1,0
BRDA:165,6,0,0
BRDA:165,6,1,0
BRDA:179,7,0,0
BRDA:179,7,1,0
BRDA:180,8,0,0
BRDA:180,8,1,0
BRDA:181,9,0,0
BRDA:181,9,1,0
BRDA:182,10,0,0
BRDA:182,10,1,0
BRF:22
BRH:0
end_of_record
TN:
SF:/home/olivia/public_html/OffBookProject/src/components/WishList/AddWishBook.vue
FN:1,(anonymous_0)
FN:12,_interopRequireDefault
FN:17,data
FN:30,onFileChanged
FN:40,(anonymous_4)
FN:51,onSubmit
FN:65,(anonymous_6)
FN:68,(anonymous_7)
FN:74,(anonymous_8)
FN:76,(anonymous_9)
FN:87,(anonymous_10)
FN:91,(anonymous_11)
FN:168,render
FN:168,(anonymous_13)
FN:168,(anonymous_14)
FN:168,(anonymous_15)
FN:168,(anonymous_16)
FN:168,(anonymous_17)
FN:169,render
FNF:19
FNH:0
FNDA:0,(anonymous_0)
FNDA:0,_interopRequireDefault
FNDA:0,data
FNDA:0,onFileChanged
FNDA:0,(anonymous_4)
FNDA:0,onSubmit
FNDA:0,(anonymous_6)
FNDA:0,(anonymous_7)
FNDA:0,(anonymous_8)
FNDA:0,(anonymous_9)
FNDA:0,(anonymous_10)
FNDA:0,(anonymous_11)
FNDA:0,render
FNDA:0,(anonymous_13)
FNDA:0,(anonymous_14)
FNDA:0,(anonymous_15)
FNDA:0,(anonymous_16)
FNDA:0,(anonymous_17)
FNDA:0,render
DA:1,0
DA:4,0
DA:8,0
DA:10,0
DA:12,0
DA:15,0
DA:18,0
DA:31,0
DA:34,0
DA:36,0
DA:38,0
DA:40,0
DA:43,0
DA:46,0
DA:47,0
DA:48,0
DA:52,0
DA:54,0
DA:55,0
DA:63,0
DA:64,0
DA:65,0
DA:67,0
DA:69,0
DA:72,0
DA:73,0
DA:74,0
DA:75,0
DA:77,0
DA:85,0
DA:86,0
DA:87,0
DA:89,0
DA:92,0
DA:166,0
DA:167,0
DA:168,0
DA:169,0
LF:38
LH:0
BRDA:12,0,0,0
BRDA:12,0,1,0
BRDA:12,1,0,0
BRDA:12,1,1,0
BRDA:36,2,0,0
BRDA:36,2,1,0
BRDA:36,3,0,0
BRDA:36,3,1,0
BRDA:54,4,0,0
BRDA:54,4,1,0
BRDA:166,5,0,0
BRDA:166,5,1,0
BRDA:167,6,0,0
BRDA:167,6,1,0
BRDA:168,7,0,0
BRDA:168,7,1,0
BRDA:168,8,0,0
BRDA:168,8,1,0
BRDA:168,9,0,0
BRDA:168,9,1,0
BRDA:168,10,0,0
BRDA:168,10,1,0
BRDA:168,11,0,0
BRDA:168,11,1,0
BRDA:168,12,0,0
BRDA:168,12,1,0
BRDA:169,13,0,0
BRDA:169,13,1,0
BRF:28
BRH:0
end_of_record
TN:
SF:/home/olivia/public_html/OffBookProject/src/components/WishList/UpdateWishBook.vue
FN:1,(anonymous_0)
FN:16,_interopRequireDefault
FN:92,data
FN:107,getBooks
FN:111,(anonymous_4)
FN:120,onFileChanged
FN:130,(anonymous_6)
FN:141,manageCoverBook
FN:150,onSubmit
FN:164,(anonymous_9)
FN:167,(anonymous_10)
FN:174,(anonymous_11)
FN:177,(anonymous_12)
FN:186,(anonymous_13)
FN:190,(anonymous_14)
FN:196,mounted
FN:203,render
FN:203,(anonymous_17)
FN:203,(anonymous_18)
FN:203,(anonymous_19)
FN:203,(anonymous_20)
FN:203,(anonymous_21)
FN:203,(anonymous_22)
FN:203,(anonymous_23)
FN:204,render
FNF:25
FNH:0
FNDA:0,(anonymous_0)
FNDA:0,_interopRequireDefault
FNDA:0,data
FNDA:0,getBooks
FNDA:0,(anonymous_4)
FNDA:0,onFileChanged
FNDA:0,(anonymous_6)
FNDA:0,manageCoverBook
FNDA:0,onSubmit
FNDA:0,(anonymous_9)
FNDA:0,(anonymous_10)
FNDA:0,(anonymous_11)
FNDA:0,(anonymous_12)
FNDA:0,(anonymous_13)
FNDA:0,(anonymous_14)
FNDA:0,mounted
FNDA:0,render
FNDA:0,(anonymous_17)
FNDA:0,(anonymous_18)
FNDA:0,(anonymous_19)
FNDA:0,(anonymous_20)
FNDA:0,(anonymous_21)
FNDA:0,(anonymous_22)
FNDA:0,(anonymous_23)
FNDA:0,render
DA:1,0
DA:4,0
DA:8,0
DA:10,0
DA:12,0
DA:14,0
DA:16,0
DA:18,0
DA:90,0
DA:93,0
DA:108,0
DA:110,0
DA:111,0
DA:114,0
DA:115,0
DA:116,0
DA:117,0
DA:121,0
DA:124,0
DA:126,0
DA:128,0
DA:130,0
DA:133,0
DA:136,0
DA:137,0
DA:138,0
DA:142,0
DA:143,0
DA:144,0
DA:145,0
DA:147,0
DA:151,0
DA:153,0
DA:155,0
DA:156,0
DA:163,0
DA:164,0
DA:166,0
DA:168,0
DA:171,0
DA:172,0
DA:173,0
DA:174,0
DA:175,0
DA:176,0
DA:178,0
DA:185,0
DA:186,0
DA:188,0
DA:191,0
DA:197,0
DA:201,0
DA:202,0
DA:203,0
DA:204,0
LF:55
LH:0
BRDA:16,0,0,0
BRDA:16,0,1,0
BRDA:16,1,0,0
BRDA:16,1,1,0
BRDA:126,2,0,0
BRDA:126,2,1,0
BRDA:126,3,0,0
BRDA:126,3,1,0
BRDA:144,4,0,0
BRDA:144,4,1,0
BRDA:155,5,0,0
BRDA:155,5,1,0
BRDA:157,6,0,0
BRDA:157,6,1,0
BRDA:158,7,0,0
BRDA:158,7,1,0
BRDA:159,8,0,0
BRDA:159,8,1,0
BRDA:160,9,0,0
BRDA:160,9,1,0
BRDA:161,10,0,0
BRDA:161,10,1,0
BRDA:179,11,0,0
BRDA:179,11,1,0
BRDA:180,12,0,0
BRDA:180,12,1,0
BRDA:181,13,0,0
BRDA:181,13,1,0
BRDA:182,14,0,0
BRDA:182,14,1,0
BRDA:183,15,0,0
BRDA:183,15,1,0
BRDA:201,16,0,0
BRDA:201,16,1,0
BRDA:202,17,0,0
BRDA:202,17,1,0
BRDA:203,18,0,0
BRDA:203,18,1,0
BRDA:203,19,0,0
BRDA:203,19,1,0
BRDA:204,20,0,0
BRDA:204,20,1,0
BRF:42
BRH:0
end_of_record
TN:
SF:/home/olivia/public_html/OffBookProject/src/router/router.js
FN:25,_interopRequireDefault
FN:65,beforeEnter
FN:78,beforeEnter
FN:91,beforeEnter
FN:104,beforeEnter
FN:117,beforeEnter
FN:130,beforeEnter
FN:143,beforeEnter
FN:156,beforeEnter
FN:169,beforeEnter
FN:182,beforeEnter
FN:195,beforeEnter
FN:208,beforeEnter
FNF:13
FNH:0
FNDA:0,_interopRequireDefault
FNDA:0,beforeEnter
FNDA:0,beforeEnter
FNDA:0,beforeEnter
FNDA:0,beforeEnter
FNDA:0,beforeEnter
FNDA:0,beforeEnter
FNDA:0,beforeEnter
FNDA:0,beforeEnter
FNDA:0,beforeEnter
FNDA:0,beforeEnter
FNDA:0,beforeEnter
FNDA:0,beforeEnter
DA:1,0
DA:3,0
DA:4,0
DA:6,0
DA:8,0
DA:9,0
DA:10,0
DA:11,0
DA:12,0
DA:13,0
DA:14,0
DA:15,0
DA:16,0
DA:17,0
DA:18,0
DA:19,0
DA:20,0
DA:21,0
DA:22,0
DA:23,0
DA:24,0
DA:25,0
DA:27,0
DA:29,0
DA:66,0
DA:67,0
DA:69,0
DA:79,0
DA:80,0
DA:82,0
DA:92,0
DA:93,0
DA:95,0
DA:105,0
DA:106,0
DA:108,0
DA:118,0
DA:119,0
DA:121,0
DA:131,0
DA:132,0
DA:134,0
DA:144,0
DA:145,0
DA:147,0
DA:157,0
DA:158,0
DA:160,0
DA:170,0
DA:171,0
DA:173,0
DA:183,0
DA:184,0
DA:186,0
DA:196,0
DA:197,0
DA:199,0
DA:209,0
DA:210,0
DA:212,0
DA:214,0
LF:61
LH:0
BRDA:25,0,0,0
BRDA:25,0,1,0
BRDA:25,1,0,0
BRDA:25,1,1,0
BRDA:66,2,0,0
BRDA:66,2,1,0
BRDA:79,3,0,0
BRDA:79,3,1,0
BRDA:92,4,0,0
BRDA:92,4,1,0
BRDA:105,5,0,0
BRDA:105,5,1,0
BRDA:118,6,0,0
BRDA:118,6,1,0
BRDA:131,7,0,0
BRDA:131,7,1,0
BRDA:144,8,0,0
BRDA:144,8,1,0
BRDA:157,9,0,0
BRDA:157,9,1,0
BRDA:170,10,0,0
BRDA:170,10,1,0
BRDA:183,11,0,0
BRDA:183,11,1,0
BRDA:196,12,0,0
BRDA:196,12,1,0
BRDA:209,13,0,0
BRDA:209,13,1,0
BRF:28
BRH:0
end_of_record
TN:
SF:/home/olivia/public_html/OffBookProject/src/server/server.js
FN:1,_interopRequireDefault
FN:30,(anonymous_1)
FN:31,(anonymous_2)
FN:61,destination
FN:65,filename
FN:72,(anonymous_5)
FN:97,(anonymous_6)
FN:114,(anonymous_7)
FN:115,(anonymous_8)
FN:119,(anonymous_9)
FN:120,(anonymous_10)
FN:121,(anonymous_11)
FNF:12
FNH:0
FNDA:0,_interopRequireDefault
FNDA:0,(anonymous_1)
FNDA:0,(anonymous_2)
FNDA:0,destination
FNDA:0,filename
FNDA:0,(anonymous_5)
FNDA:0,(anonymous_6)
FNDA:0,(anonymous_7)
FNDA:0,(anonymous_8)
FNDA:0,(anonymous_9)
FNDA:0,(anonymous_10)
FNDA:0,(anonymous_11)
DA:1,0
DA:2,0
DA:3,0
DA:4,0
DA:5,0
DA:6,0
DA:7,0
DA:8,0
DA:9,0
DA:12,0
DA:13,0
DA:15,0
DA:18,0
DA:19,0
DA:22,0
DA:23,0
DA:24,0
DA:30,0
DA:31,0
DA:32,0
DA:33,0
DA:35,0
DA:39,0
DA:40,0
DA:60,0
DA:63,0
DA:66,0
DA:70,0
DA:72,0
DA:73,0
DA:74,0
DA:75,0
DA:80,0
DA:81,0
DA:82,0
DA:97,0
DA:99,0
DA:100,0
DA:102,0
DA:112,0
DA:114,0
DA:115,0
DA:117,0
DA:119,0
DA:120,0
DA:121,0
LF:46
LH:0
BRDA:1,0,0,0
BRDA:1,0,1,0
BRDA:1,1,0,0
BRDA:1,1,1,0
BRDA:32,2,0,0
BRDA:32,2,1,0
BRDA:73,3,0,0
BRDA:73,3,1,0
BRDA:99,4,0,0
BRDA:99,4,1,0
BRF:10
BRH:0
end_of_record
TN:
SF:/home/olivia/public_html/OffBookProject/src/server/Controllers/bookController.js
FN:7,(anonymous_0)
FN:9,(anonymous_1)
FN:10,(anonymous_2)
FN:13,(anonymous_3)
FN:15,(anonymous_4)
FN:16,(anonymous_5)
FN:19,(anonymous_6)
FN:21,(anonymous_7)
FN:22,(anonymous_8)
FN:25,(anonymous_9)
FN:28,(anonymous_10)
FN:32,(anonymous_11)
FN:35,(anonymous_12)
FN:38,(anonymous_13)
FN:39,(anonymous_14)
FN:42,(anonymous_15)
FN:45,(anonymous_16)
FN:46,(anonymous_17)
FN:49,(anonymous_18)
FN:53,(anonymous_19)
FN:54,(anonymous_20)
FN:57,(anonymous_21)
FN:61,(anonymous_22)
FN:62,(anonymous_23)
FN:65,(anonymous_24)
FN:69,(anonymous_25)
FN:70,(anonymous_26)
FN:73,(anonymous_27)
FN:77,(anonymous_28)
FN:78,(anonymous_29)
FN:81,(anonymous_30)
FN:85,(anonymous_31)
FN:86,(anonymous_32)
FN:89,(anonymous_33)
FN:93,(anonymous_34)
FN:94,(anonymous_35)
FN:97,(anonymous_36)
FN:100,(anonymous_37)
FN:101,(anonymous_38)
FN:104,(anonymous_39)
FN:107,(anonymous_40)
FN:111,(anonymous_41)
FN:114,(anonymous_42)
FN:117,(anonymous_43)
FN:118,(anonymous_44)
FN:137,(anonymous_45)
FN:140,(anonymous_46)
FN:141,(anonymous_47)
FN:144,(anonymous_48)
FN:147,(anonymous_49)
FN:148,(anonymous_50)
FNF:51
FNH:0
FNDA:0,(anonymous_0)
FNDA:0,(anonymous_1)
FNDA:0,(anonymous_2)
FNDA:0,(anonymous_3)
FNDA:0,(anonymous_4)
FNDA:0,(anonymous_5)
FNDA:0,(anonymous_6)
FNDA:0,(anonymous_7)
FNDA:0,(anonymous_8)
FNDA:0,(anonymous_9)
FNDA:0,(anonymous_10)
FNDA:0,(anonymous_11)
FNDA:0,(anonymous_12)
FNDA:0,(anonymous_13)
FNDA:0,(anonymous_14)
FNDA:0,(anonymous_15)
FNDA:0,(anonymous_16)
FNDA:0,(anonymous_17)
FNDA:0,(anonymous_18)
FNDA:0,(anonymous_19)
FNDA:0,(anonymous_20)
FNDA:0,(anonymous_21)
FNDA:0,(anonymous_22)
FNDA:0,(anonymous_23)
FNDA:0,(anonymous_24)
FNDA:0,(anonymous_25)
FNDA:0,(anonymous_26)
FNDA:0,(anonymous_27)
FNDA:0,(anonymous_28)
FNDA:0,(anonymous_29)
FNDA:0,(anonymous_30)
FNDA:0,(anonymous_31)
FNDA:0,(anonymous_32)
FNDA:0,(anonymous_33)
FNDA:0,(anonymous_34)
FNDA:0,(anonymous_35)
FNDA:0,(anonymous_36)
FNDA:0,(anonymous_37)
FNDA:0,(anonymous_38)
FNDA:0,(anonymous_39)
FNDA:0,(anonymous_40)
FNDA:0,(anonymous_41)
FNDA:0,(anonymous_42)
FNDA:0,(anonymous_43)
FNDA:0,(anonymous_44)
FNDA:0,(anonymous_45)
FNDA:0,(anonymous_46)
FNDA:0,(anonymous_47)
FNDA:0,(anonymous_48)
FNDA:0,(anonymous_49)
FNDA:0,(anonymous_50)
DA:1,0
DA:2,0
DA:3,0
DA:4,0
DA:5,0
DA:7,0
DA:8,0
DA:9,0
DA:10,0
DA:13,0
DA:14,0
DA:15,0
DA:16,0
DA:19,0
DA:20,0
DA:21,0
DA:22,0
DA:25,0
DA:26,0
DA:27,0
DA:29,0
DA:30,0
DA:32,0
DA:35,0
DA:36,0
DA:37,0
DA:38,0
DA:39,0
DA:42,0
DA:43,0
DA:44,0
DA:45,0
DA:46,0
DA:49,0
DA:50,0
DA:51,0
DA:52,0
DA:53,0
DA:54,0
DA:57,0
DA:58,0
DA:59,0
DA:60,0
DA:61,0
DA:62,0
DA:65,0
DA:66,0
DA:67,0
DA:68,0
DA:69,0
DA:70,0
DA:73,0
DA:74,0
DA:75,0
DA:76,0
DA:77,0
DA:78,0
DA:81,0
DA:82,0
DA:83,0
DA:84,0
DA:85,0
DA:86,0
DA:89,0
DA:90,0
DA:91,0
DA:92,0
DA:93,0
DA:94,0
DA:97,0
DA:98,0
DA:99,0
DA:100,0
DA:101,0
DA:104,0
DA:105,0
DA:106,0
DA:108,0
DA:109,0
DA:111,0
DA:114,0
DA:115,0
DA:116,0
DA:117,0
DA:118,0
DA:137,0
DA:138,0
DA:139,0
DA:140,0
DA:141,0
DA:144,0
DA:145,0
DA:146,0
DA:147,0
DA:148,0
DA:181,0
LF:96
LH:0
BRF:0
BRH:0
end_of_record
TN:
SF:/home/olivia/public_html/OffBookProject/src/server/Controllers/userController.js
FN:1,_interopRequireDefault
FN:11,(anonymous_1)
FN:13,(anonymous_2)
FN:14,(anonymous_3)
FN:17,(anonymous_4)
FN:20,(anonymous_5)
FN:21,(anonymous_6)
FN:24,(anonymous_7)
FN:26,(anonymous_8)
FN:27,(anonymous_9)
FN:30,(anonymous_10)
FN:33,(anonymous_11)
FN:34,(anonymous_12)
FN:37,(anonymous_13)
FN:40,(anonymous_14)
FN:41,(anonymous_15)
FN:44,(anonymous_16)
FN:46,(anonymous_17)
FN:47,(anonymous_18)
FN:50,(anonymous_19)
FN:53,(anonymous_20)
FN:54,(anonymous_21)
FN:57,(anonymous_22)
FN:76,(anonymous_23)
FNF:24
FNH:0
FNDA:0,_interopRequireDefault
FNDA:0,(anonymous_1)
FNDA:0,(anonymous_2)
FNDA:0,(anonymous_3)
FNDA:0,(anonymous_4)
FNDA:0,(anonymous_5)
FNDA:0,(anonymous_6)
FNDA:0,(anonymous_7)
FNDA:0,(anonymous_8)
FNDA:0,(anonymous_9)
FNDA:0,(anonymous_10)
FNDA:0,(anonymous_11)
FNDA:0,(anonymous_12)
FNDA:0,(anonymous_13)
FNDA:0,(anonymous_14)
FNDA:0,(anonymous_15)
FNDA:0,(anonymous_16)
FNDA:0,(anonymous_17)
FNDA:0,(anonymous_18)
FNDA:0,(anonymous_19)
FNDA:0,(anonymous_20)
FNDA:0,(anonymous_21)
FNDA:0,(anonymous_22)
FNDA:0,(anonymous_23)
DA:1,0
DA:2,0
DA:3,0
DA:4,0
DA:6,0
DA:7,0
DA:8,0
DA:11,0
DA:12,0
DA:13,0
DA:14,0
DA:17,0
DA:18,0
DA:19,0
DA:20,0
DA:21,0
DA:24,0
DA:25,0
DA:26,0
DA:27,0
DA:30,0
DA:31,0
DA:32,0
DA:33,0
DA:34,0
DA:37,0
DA:38,0
DA:39,0
DA:40,0
DA:41,0
DA:44,0
DA:45,0
DA:46,0
DA:47,0
DA:50,0
DA:51,0
DA:52,0
DA:53,0
DA:54,0
DA:57,0
DA:62,0
DA:63,0
DA:76,0
DA:83,0
DA:93,0
LF:45
LH:0
BRDA:1,0,0,0
BRDA:1,0,1,0
BRDA:1,1,0,0
BRDA:1,1,1,0
BRF:4
BRH:0
end_of_record
TN:
SF:/home/olivia/public_html/OffBookProject/src/server/Models/bookModel.js
FNF:0
FNH:0
DA:6,4
DA:10,4
DA:14,0
DA:18,0
DA:86,0
DA:96,0
DA:106,0
DA:110,0
DA:121,0
DA:132,0
DA:138,0
DA:144,0
DA:148,0
LF:13
LH:2
BRF:0
BRH:0
end_of_record
TN:
SF:/home/olivia/public_html/OffBookProject/src/server/Models/db.js
FN:17,(anonymous_0)
FN:28,(anonymous_3)
FN:33,(anonymous_4)
FNF:3
FNH:2
FNDA:1,(anonymous_0)
FNDA:8,(anonymous_3)
FNDA:0,(anonymous_4)
DA:10,2
DA:12,2
DA:14,2
DA:17,2
DA:18,1
DA:19,0
DA:21,1
DA:28,10
DA:29,8
DA:33,2
DA:35,2
LF:11
LH:10
BRDA:18,0,0,0
BRDA:18,0,1,1
BRDA:29,1,0,0
BRDA:29,1,1,8
BRF:4
BRH:2
end_of_record
TN:
SF:/home/olivia/public_html/OffBookProject/src/server/Models/userModel.js
FN:37,(anonymous_0)
FNF:1
FNH:0
FNDA:0,(anonymous_0)
DA:2,1
DA:9,1
DA:13,0
DA:17,0
DA:21,0
DA:25,0
DA:29,0
DA:33,1
DA:37,0
LF:9
LH:3
BRF:0
BRH:0
end_of_record
TN:
SF:/home/olivia/public_html/OffBookProject/src/server/auth/authorization.js
FN:1,(anonymous_0)
FNF:1
FNH:0
FNDA:0,(anonymous_0)
DA:1,0
DA:3,0
DA:4,0
DA:5,0
LF:4
LH:0
BRDA:3,0,0,0
BRDA:3,0,1,0
BRDA:5,1,0,0
BRDA:5,1,1,0
BRF:4
BRH:0
end_of_record
TN:
SF:/home/olivia/public_html/OffBookProject/src/server/auth/jwt.js
FN:13,(anonymous_0)
FN:24,extractBearerToken
FN:39,(anonymous_2)
FN:49,(anonymous_3)
FN:57,(anonymous_4)
FN:65,(anonymous_5)
FNF:6
FNH:0
FNDA:0,(anonymous_0)
FNDA:0,extractBearerToken
FNDA:0,(anonymous_2)
FNDA:0,(anonymous_3)
FNDA:0,(anonymous_4)
FNDA:0,(anonymous_5)
DA:1,0
DA:2,0
DA:3,0
DA:4,0
DA:5,0
DA:13,0
DA:14,0
DA:15,0
DA:16,0
DA:24,0
DA:25,0
DA:26,0
DA:28,0
DA:29,0
DA:31,0
DA:39,0
DA:41,0
DA:45,0
DA:46,0
DA:49,0
DA:50,0
DA:51,0
DA:55,0
DA:58,0
DA:59,0
DA:62,0
DA:63,0
DA:65,0
LF:28
LH:0
BRDA:25,0,0,0
BRDA:25,0,1,0
BRDA:29,1,0,0
BRDA:29,1,1,0
BRDA:41,2,0,0
BRDA:41,2,1,0
BRDA:41,2,2,0
BRDA:45,3,0,0
BRDA:45,3,1,0
BRDA:50,4,0,0
BRDA:50,4,1,0
BRDA:58,5,0,0
BRDA:58,5,1,0
BRF:13
BRH:0
end_of_record
TN:
SF:/home/olivia/public_html/OffBookProject/src/server/auth/login.js
FN:1,_interopRequireDefault
FN:6,checkCredentials
FN:9,(anonymous_2)
FN:10,(anonymous_3)
FN:14,(anonymous_4)
FN:16,(anonymous_5)
FN:20,(anonymous_6)
FN:31,(anonymous_7)
FN:35,(anonymous_8)
FN:39,(anonymous_9)
FNF:10
FNH:0
FNDA:0,_interopRequireDefault
FNDA:0,checkCredentials
FNDA:0,(anonymous_2)
FNDA:0,(anonymous_3)
FNDA:0,(anonymous_4)
FNDA:0,(anonymous_5)
FNDA:0,(anonymous_6)
FNDA:0,(anonymous_7)
FNDA:0,(anonymous_8)
FNDA:0,(anonymous_9)
DA:1,0
DA:2,0
DA:6,0
DA:7,0
DA:9,0
DA:11,0
DA:12,0
DA:14,0
DA:16,0
DA:20,0
DA:23,0
DA:31,0
DA:33,0
DA:34,0
DA:36,0
DA:37,0
DA:39,0
LF:17
LH:0
BRDA:1,0,0,0
BRDA:1,0,1,0
BRDA:1,1,0,0
BRDA:1,1,1,0
BRDA:9,2,0,0
BRDA:9,2,1,0
BRDA:16,3,0,0
BRDA:16,3,1,0
BRF:8
BRH:0
end_of_record
TN:
SF:/home/olivia/public_html/OffBookProject/src/server/auth/pwd.js
FN:31,(anonymous_0)
FN:35,(anonymous_1)
FN:37,(anonymous_2)
FN:43,(anonymous_3)
FN:50,(anonymous_4)
FN:51,(anonymous_5)
FN:52,(anonymous_6)
FNF:7
FNH:7
FNDA:4,(anonymous_0)
FNDA:3,(anonymous_1)
FNDA:3,(anonymous_2)
FNDA:3,(anonymous_3)
FNDA:2,(anonymous_4)
FNDA:2,(anonymous_5)
FNDA:2,(anonymous_6)
DA:27,2
DA:31,2
DA:33,5
DA:35,3
DA:37,3
DA:39,3
DA:40,0
DA:43,3
DA:44,3
DA:50,2
DA:51,2
DA:52,2
DA:53,2
DA:54,0
DA:57,2
LF:15
LH:13
BRDA:33,0,0,1
BRDA:33,0,1,3
BRDA:39,1,0,0
BRDA:39,1,1,3
BRDA:44,2,0,0
BRDA:44,2,1,3
BRDA:53,3,0,0
BRDA:53,3,1,2
BRF:8
BRH:5
end_of_record
TN:
SF:/home/olivia/public_html/OffBookProject/src/server/auth/register.js
FN:36,(anonymous_0)
FN:41,(anonymous_1)
FN:47,(anonymous_2)
FNF:3
FNH:0
FNDA:0,(anonymous_0)
FNDA:0,(anonymous_1)
FNDA:0,(anonymous_2)
DA:1,0
DA:36,0
DA:38,0
DA:40,0
DA:42,0
DA:44,0
DA:49,0
DA:50,0
LF:8
LH:0
BRF:0
BRH:0
end_of_record
TN:
SF:/home/olivia/public_html/OffBookProject/src/server/utils/restructureDataListWithBooks.js
FN:2,restructureDataListWithBooks
FN:7,(anonymous_1)
FN:9,(anonymous_2)
FNF:3
FNH:0
FNDA:0,restructureDataListWithBooks
FNDA:0,(anonymous_1)
FNDA:0,(anonymous_2)
DA:2,0
DA:7,0
DA:9,0
DA:10,0
DA:12,0
DA:22,0
DA:38,0
DA:43,0
LF:8
LH:0
BRDA:10,0,0,0
BRDA:10,0,1,0
BRF:2
BRH:0
end_of_record
